<?xml version="1.0" encoding="UTF-8"?>
<testsuite xmlns:xsi="http://www.w3.org/2001/XMLSchema-instance" xsi:noNamespaceSchemaLocation="https://maven.apache.org/surefire/maven-failsafe-plugin/xsd/failsafe-test-report-3.0.xsd" version="3.0" name="org.mybatis.jpetstore.ScreenTransitionIT" time="147.179" tests="10" errors="0" skipped="0" failures="3">
  <properties>
[...]
</properties>
  <testcase name="testOrder" classname="org.mybatis.jpetstore.ScreenTransitionIT" time="58.229">
    <failure type="com.codeborne.selenide.ex.ElementShould"><![CDATA[com.codeborne.selenide.ex.ElementShould: 
Element should be text 'Sub Total: $199.00' {#Cart tr:nth-of-type(4) td}
Element: '<td colspan="7">Sub Total: $199,00</td>'
Screenshot: file:/C:/Users/Pascal.ZARAGOZA/eclipse-workspace/000-testprint/frontend/build/reports/tests/org/mybatis/jpetstore/ScreenTransitionIT/emptyMethod/1587585625746.0.png
Page source: file:/C:/Users/Pascal.ZARAGOZA/eclipse-workspace/000-testprint/frontend/build/reports/tests/org/mybatis/jpetstore/ScreenTransitionIT/emptyMethod/1587585625746.0.html
Timeout: 10 s.
	at org.mybatis.jpetstore.ScreenTransitionIT.testOrder(ScreenTransitionIT.java:90)
]]></failure>
    <system-out><![CDATA[21:59:28.951 [main] DEBUG com.codeborne.selenide.impl.CiReportUrl - Variable selenide.reportsUrl not found
21:59:29.047 [main] INFO com.codeborne.selenide.impl.WebDriverThreadLocalContainer - No webdriver is bound to current thread: 1 - let's create a new webdriver
21:59:29.051 [main] DEBUG com.codeborne.selenide.webdriver.WebDriverFactory - browser=firefox
21:59:29.051 [main] DEBUG com.codeborne.selenide.webdriver.WebDriverFactory - browser.version=null
21:59:29.051 [main] DEBUG com.codeborne.selenide.webdriver.WebDriverFactory - remote=null
21:59:29.052 [main] DEBUG com.codeborne.selenide.webdriver.WebDriverFactory - browserSize=1366x768
21:59:29.052 [main] DEBUG com.codeborne.selenide.webdriver.WebDriverFactory - startMaximized=false
21:59:30.769 [main] DEBUG io.github.bonigarcia.wdm.Shell - Running command on the shell: [wmic, datafile, where, name='C:\\Program Files (x86)\\Mozilla Firefox\\firefox.exe', get, Version, /value]
21:59:31.356 [main] DEBUG io.github.bonigarcia.wdm.Shell - Result: 
21:59:31.356 [main] DEBUG io.github.bonigarcia.wdm.WebDriverManager - The proper geckodriver version for your Mozilla Firefox is unknown ... trying with the latest
21:59:31.359 [main] INFO io.github.bonigarcia.wdm.WebDriverManager - Reading https://api.github.com/repos/mozilla/geckodriver/releases to seek geckodriver
21:59:31.400 [main] DEBUG org.apache.http.client.protocol.RequestAddCookies - CookieSpec selected: standard
21:59:31.426 [main] DEBUG org.apache.http.client.protocol.RequestAuthCache - Auth cache not set in the context
21:59:31.432 [main] DEBUG org.apache.http.impl.conn.PoolingHttpClientConnectionManager - Connection request: [route: {s}->https://api.github.com:443][total kept alive: 0; route allocated: 0 of 2; total allocated: 0 of 20]
21:59:31.490 [main] DEBUG org.apache.http.impl.conn.PoolingHttpClientConnectionManager - Connection leased: [id: 0][route: {s}->https://api.github.com:443][total kept alive: 0; route allocated: 1 of 2; total allocated: 1 of 20]
21:59:31.498 [main] DEBUG org.apache.http.impl.execchain.MainClientExec - Opening connection {s}->https://api.github.com:443
21:59:31.530 [main] DEBUG org.apache.http.impl.conn.DefaultHttpClientConnectionOperator - Connecting to api.github.com/140.82.118.5:443
21:59:31.530 [main] DEBUG org.apache.http.conn.ssl.SSLConnectionSocketFactory - Connecting socket to api.github.com/140.82.118.5:443 with timeout 0
21:59:31.635 [main] DEBUG org.apache.http.conn.ssl.SSLConnectionSocketFactory - Enabled protocols: [TLSv1.3, TLSv1.2, TLSv1.1, TLSv1]
21:59:31.635 [main] DEBUG org.apache.http.conn.ssl.SSLConnectionSocketFactory - Enabled cipher suites:[TLS_AES_256_GCM_SHA384, TLS_AES_128_GCM_SHA256, TLS_CHACHA20_POLY1305_SHA256, TLS_ECDHE_ECDSA_WITH_AES_256_GCM_SHA384, TLS_ECDHE_ECDSA_WITH_AES_128_GCM_SHA256, TLS_ECDHE_ECDSA_WITH_CHACHA20_POLY1305_SHA256, TLS_ECDHE_RSA_WITH_AES_256_GCM_SHA384, TLS_ECDHE_RSA_WITH_CHACHA20_POLY1305_SHA256, TLS_ECDHE_RSA_WITH_AES_128_GCM_SHA256, TLS_DHE_RSA_WITH_AES_256_GCM_SHA384, TLS_DHE_RSA_WITH_CHACHA20_POLY1305_SHA256, TLS_DHE_DSS_WITH_AES_256_GCM_SHA384, TLS_DHE_RSA_WITH_AES_128_GCM_SHA256, TLS_DHE_DSS_WITH_AES_128_GCM_SHA256, TLS_ECDHE_ECDSA_WITH_AES_256_CBC_SHA384, TLS_ECDHE_RSA_WITH_AES_256_CBC_SHA384, TLS_ECDHE_ECDSA_WITH_AES_128_CBC_SHA256, TLS_ECDHE_RSA_WITH_AES_128_CBC_SHA256, TLS_DHE_RSA_WITH_AES_256_CBC_SHA256, TLS_DHE_DSS_WITH_AES_256_CBC_SHA256, TLS_DHE_RSA_WITH_AES_128_CBC_SHA256, TLS_DHE_DSS_WITH_AES_128_CBC_SHA256, TLS_ECDH_ECDSA_WITH_AES_256_GCM_SHA384, TLS_ECDH_RSA_WITH_AES_256_GCM_SHA384, TLS_ECDH_ECDSA_WITH_AES_128_GCM_SHA256, TLS_ECDH_RSA_WITH_AES_128_GCM_SHA256, TLS_ECDH_ECDSA_WITH_AES_256_CBC_SHA384, TLS_ECDH_RSA_WITH_AES_256_CBC_SHA384, TLS_ECDH_ECDSA_WITH_AES_128_CBC_SHA256, TLS_ECDH_RSA_WITH_AES_128_CBC_SHA256, TLS_ECDHE_ECDSA_WITH_AES_256_CBC_SHA, TLS_ECDHE_RSA_WITH_AES_256_CBC_SHA, TLS_ECDHE_ECDSA_WITH_AES_128_CBC_SHA, TLS_ECDHE_RSA_WITH_AES_128_CBC_SHA, TLS_DHE_RSA_WITH_AES_256_CBC_SHA, TLS_DHE_DSS_WITH_AES_256_CBC_SHA, TLS_DHE_RSA_WITH_AES_128_CBC_SHA, TLS_DHE_DSS_WITH_AES_128_CBC_SHA, TLS_ECDH_ECDSA_WITH_AES_256_CBC_SHA, TLS_ECDH_RSA_WITH_AES_256_CBC_SHA, TLS_ECDH_ECDSA_WITH_AES_128_CBC_SHA, TLS_ECDH_RSA_WITH_AES_128_CBC_SHA, TLS_RSA_WITH_AES_256_GCM_SHA384, TLS_RSA_WITH_AES_128_GCM_SHA256, TLS_RSA_WITH_AES_256_CBC_SHA256, TLS_RSA_WITH_AES_128_CBC_SHA256, TLS_RSA_WITH_AES_256_CBC_SHA, TLS_RSA_WITH_AES_128_CBC_SHA, TLS_EMPTY_RENEGOTIATION_INFO_SCSV]
21:59:31.636 [main] DEBUG org.apache.http.conn.ssl.SSLConnectionSocketFactory - Starting handshake
21:59:31.845 [main] DEBUG org.apache.http.conn.ssl.SSLConnectionSocketFactory - Secure session established
21:59:31.846 [main] DEBUG org.apache.http.conn.ssl.SSLConnectionSocketFactory -  negotiated protocol: TLSv1.3
21:59:31.846 [main] DEBUG org.apache.http.conn.ssl.SSLConnectionSocketFactory -  negotiated cipher suite: TLS_AES_128_GCM_SHA256
21:59:31.848 [main] DEBUG org.apache.http.conn.ssl.SSLConnectionSocketFactory -  peer principal: CN=*.github.com, O="GitHub, Inc.", L=San Francisco, ST=California, C=US
21:59:31.849 [main] DEBUG org.apache.http.conn.ssl.SSLConnectionSocketFactory -  peer alternative names: [*.github.com, github.com]
21:59:31.849 [main] DEBUG org.apache.http.conn.ssl.SSLConnectionSocketFactory -  issuer principal: CN=DigiCert SHA2 High Assurance Server CA, OU=www.digicert.com, O=DigiCert Inc, C=US
21:59:31.850 [main] DEBUG org.apache.http.impl.conn.DefaultHttpClientConnectionOperator - Connection established 192.168.0.23:58521<->140.82.118.5:443
21:59:31.851 [main] DEBUG org.apache.http.impl.conn.DefaultManagedHttpClientConnection - http-outgoing-0: set socket timeout to 30000
21:59:31.851 [main] DEBUG org.apache.http.impl.execchain.MainClientExec - Executing request GET /repos/mozilla/geckodriver/releases HTTP/1.1
21:59:31.851 [main] DEBUG org.apache.http.impl.execchain.MainClientExec - Target auth state: UNCHALLENGED
21:59:31.863 [main] DEBUG org.apache.http.impl.execchain.MainClientExec - Proxy auth state: UNCHALLENGED
21:59:31.866 [main] DEBUG org.apache.http.headers - http-outgoing-0 >> GET /repos/mozilla/geckodriver/releases HTTP/1.1
21:59:31.867 [main] DEBUG org.apache.http.headers - http-outgoing-0 >> User-Agent: Apache-HttpClient/4.5.6
21:59:31.867 [main] DEBUG org.apache.http.headers - http-outgoing-0 >> Connection: keep-alive
21:59:31.868 [main] DEBUG org.apache.http.headers - http-outgoing-0 >> Host: api.github.com
21:59:31.868 [main] DEBUG org.apache.http.headers - http-outgoing-0 >> Accept-Encoding: gzip,deflate
21:59:31.869 [main] DEBUG org.apache.http.wire - http-outgoing-0 >> "GET /repos/mozilla/geckodriver/releases HTTP/1.1[\r][\n]"
21:59:31.869 [main] DEBUG org.apache.http.wire - http-outgoing-0 >> "User-Agent: Apache-HttpClient/4.5.6[\r][\n]"
21:59:31.869 [main] DEBUG org.apache.http.wire - http-outgoing-0 >> "Connection: keep-alive[\r][\n]"
21:59:31.870 [main] DEBUG org.apache.http.wire - http-outgoing-0 >> "Host: api.github.com[\r][\n]"
21:59:31.870 [main] DEBUG org.apache.http.wire - http-outgoing-0 >> "Accept-Encoding: gzip,deflate[\r][\n]"
21:59:31.871 [main] DEBUG org.apache.http.wire - http-outgoing-0 >> "[\r][\n]"
21:59:31.915 [main] DEBUG org.apache.http.wire - http-outgoing-0 << "HTTP/1.1 200 OK[\r][\n]"
21:59:31.915 [main] DEBUG org.apache.http.wire - http-outgoing-0 << "date: Wed, 22 Apr 2020 19:59:47 GMT[\r][\n]"
21:59:31.915 [main] DEBUG org.apache.http.wire - http-outgoing-0 << "content-type: application/json; charset=utf-8[\r][\n]"
21:59:31.915 [main] DEBUG org.apache.http.wire - http-outgoing-0 << "server: GitHub.com[\r][\n]"
21:59:31.915 [main] DEBUG org.apache.http.wire - http-outgoing-0 << "status: 200 OK[\r][\n]"
21:59:31.915 [main] DEBUG org.apache.http.wire - http-outgoing-0 << "cache-control: public, max-age=60, s-maxage=60[\r][\n]"
21:59:31.915 [main] DEBUG org.apache.http.wire - http-outgoing-0 << "vary: Accept, Accept-Encoding, Accept, X-Requested-With[\r][\n]"
21:59:31.915 [main] DEBUG org.apache.http.wire - http-outgoing-0 << "etag: W/"ba61f8e506943b1a8282aa7e84c16404"[\r][\n]"
21:59:31.916 [main] DEBUG org.apache.http.wire - http-outgoing-0 << "x-github-media-type: github.v3; format=json[\r][\n]"
21:59:31.916 [main] DEBUG org.apache.http.wire - http-outgoing-0 << "link: <https://api.github.com/repositories/25354393/releases?page=2>; rel="next", <https://api.github.com/repositories/25354393/releases?page=2>; rel="last"[\r][\n]"
21:59:31.916 [main] DEBUG org.apache.http.wire - http-outgoing-0 << "access-control-expose-headers: ETag, Link, Location, Retry-After, X-GitHub-OTP, X-RateLimit-Limit, X-RateLimit-Remaining, X-RateLimit-Reset, X-OAuth-Scopes, X-Accepted-OAuth-Scopes, X-Poll-Interval, X-GitHub-Media-Type, Deprecation, Sunset[\r][\n]"
21:59:31.916 [main] DEBUG org.apache.http.wire - http-outgoing-0 << "access-control-allow-origin: *[\r][\n]"
21:59:31.916 [main] DEBUG org.apache.http.wire - http-outgoing-0 << "strict-transport-security: max-age=31536000; includeSubdomains; preload[\r][\n]"
21:59:31.916 [main] DEBUG org.apache.http.wire - http-outgoing-0 << "x-frame-options: deny[\r][\n]"
21:59:31.916 [main] DEBUG org.apache.http.wire - http-outgoing-0 << "x-content-type-options: nosniff[\r][\n]"
21:59:31.916 [main] DEBUG org.apache.http.wire - http-outgoing-0 << "x-xss-protection: 1; mode=block[\r][\n]"
21:59:31.917 [main] DEBUG org.apache.http.wire - http-outgoing-0 << "referrer-policy: origin-when-cross-origin, strict-origin-when-cross-origin[\r][\n]"
21:59:31.917 [main] DEBUG org.apache.http.wire - http-outgoing-0 << "content-security-policy: default-src 'none'[\r][\n]"
21:59:31.917 [main] DEBUG org.apache.http.wire - http-outgoing-0 << "content-encoding: gzip[\r][\n]"
21:59:31.917 [main] DEBUG org.apache.http.wire - http-outgoing-0 << "X-Ratelimit-Limit: 60[\r][\n]"
21:59:31.917 [main] DEBUG org.apache.http.wire - http-outgoing-0 << "X-Ratelimit-Remaining: 57[\r][\n]"
21:59:31.917 [main] DEBUG org.apache.http.wire - http-outgoing-0 << "X-Ratelimit-Reset: 1587586777[\r][\n]"
21:59:31.917 [main] DEBUG org.apache.http.wire - http-outgoing-0 << "Accept-Ranges: bytes[\r][\n]"
21:59:31.917 [main] DEBUG org.apache.http.wire - http-outgoing-0 << "Content-Length: 36274[\r][\n]"
21:59:31.917 [main] DEBUG org.apache.http.wire - http-outgoing-0 << "X-GitHub-Request-Id: E499:1A117:5B770:6D7A8:5EA0A23B[\r][\n]"
21:59:31.918 [main] DEBUG org.apache.http.wire - http-outgoing-0 << "[\r][\n]"
21:59:31.919 [main] DEBUG org.apache.http.wire - http-outgoing-0 << "[0x1f][0x8b][0x8][0x0][0x0][0x0][0x0][0x0][0x0][0x3][0xec][0xbd][0xdb][0x92][0xe3]F[0x96]-[0xf8]+[0x98][0xd0][0x98][0x8d][0xb2]O[0x92][0xc4][0x85][0xf7]iu[0x9d]PF[0xaa]*%EDJ[0xc9][0x94][0xba]N(-[0x8][0x92] [0x89][0xc][0x10]`[0x3]`\2Mf[0xfd]:[0xef][0xf3]r[0xcc]f[0x1e]g>[0xac][0xbe]d[0xd6][0xde][0xee][0xb8][0x10][0x4][0xaf]IF[0xd7]H^[0xdd]i[\n]"
21:59:31.919 [main] DEBUG org.apache.http.wire - http-outgoing-0 << "[0x92][0xc0]v[0x87]_[0x16][0x1c][0x8e][0xb5][0xd7][0xba][0xf9]|[0xb6][0x8][0xbd][0xb3][0xee][0xd9]4[0x8e][0xe7]Q[0xb7]V[0xb3][0xe7]nu[0xe2][0xc6]"
21:59:31.927 [main] DEBUG org.apache.http.headers - http-outgoing-0 << HTTP/1.1 200 OK
21:59:31.928 [main] DEBUG org.apache.http.headers - http-outgoing-0 << date: Wed, 22 Apr 2020 19:59:47 GMT
21:59:31.928 [main] DEBUG org.apache.http.headers - http-outgoing-0 << content-type: application/json; charset=utf-8
21:59:31.928 [main] DEBUG org.apache.http.headers - http-outgoing-0 << server: GitHub.com
21:59:31.928 [main] DEBUG org.apache.http.headers - http-outgoing-0 << status: 200 OK
21:59:31.928 [main] DEBUG org.apache.http.headers - http-outgoing-0 << cache-control: public, max-age=60, s-maxage=60
21:59:31.929 [main] DEBUG org.apache.http.headers - http-outgoing-0 << vary: Accept, Accept-Encoding, Accept, X-Requested-With
21:59:31.929 [main] DEBUG org.apache.http.headers - http-outgoing-0 << etag: W/"ba61f8e506943b1a8282aa7e84c16404"
21:59:31.929 [main] DEBUG org.apache.http.headers - http-outgoing-0 << x-github-media-type: github.v3; format=json
21:59:31.929 [main] DEBUG org.apache.http.headers - http-outgoing-0 << link: <https://api.github.com/repositories/25354393/releases?page=2>; rel="next", <https://api.github.com/repositories/25354393/releases?page=2>; rel="last"
21:59:31.929 [main] DEBUG org.apache.http.headers - http-outgoing-0 << access-control-expose-headers: ETag, Link, Location, Retry-After, X-GitHub-OTP, X-RateLimit-Limit, X-RateLimit-Remaining, X-RateLimit-Reset, X-OAuth-Scopes, X-Accepted-OAuth-Scopes, X-Poll-Interval, X-GitHub-Media-Type, Deprecation, Sunset
21:59:31.929 [main] DEBUG org.apache.http.headers - http-outgoing-0 << access-control-allow-origin: *
21:59:31.929 [main] DEBUG org.apache.http.headers - http-outgoing-0 << strict-transport-security: max-age=31536000; includeSubdomains; preload
21:59:31.930 [main] DEBUG org.apache.http.headers - http-outgoing-0 << x-frame-options: deny
21:59:31.930 [main] DEBUG org.apache.http.headers - http-outgoing-0 << x-content-type-options: nosniff
21:59:31.930 [main] DEBUG org.apache.http.headers - http-outgoing-0 << x-xss-protection: 1; mode=block
21:59:31.930 [main] DEBUG org.apache.http.headers - http-outgoing-0 << referrer-policy: origin-when-cross-origin, strict-origin-when-cross-origin
21:59:31.930 [main] DEBUG org.apache.http.headers - http-outgoing-0 << content-security-policy: default-src 'none'
21:59:31.930 [main] DEBUG org.apache.http.headers - http-outgoing-0 << content-encoding: gzip
21:59:31.930 [main] DEBUG org.apache.http.headers - http-outgoing-0 << X-Ratelimit-Limit: 60
21:59:31.930 [main] DEBUG org.apache.http.headers - http-outgoing-0 << X-Ratelimit-Remaining: 57
21:59:31.930 [main] DEBUG org.apache.http.headers - http-outgoing-0 << X-Ratelimit-Reset: 1587586777
21:59:31.931 [main] DEBUG org.apache.http.headers - http-outgoing-0 << Accept-Ranges: bytes
21:59:31.931 [main] DEBUG org.apache.http.headers - http-outgoing-0 << Content-Length: 36274
21:59:31.931 [main] DEBUG org.apache.http.headers - http-outgoing-0 << X-GitHub-Request-Id: E499:1A117:5B770:6D7A8:5EA0A23B
21:59:31.954 [main] DEBUG org.apache.http.impl.execchain.MainClientExec - Connection can be kept alive indefinitely
21:59:32.172 [main] DEBUG org.apache.http.wire - http-outgoing-0 << "[0xd3][0xc5][0xa0]:[0xc]f[0xb5][0xd0][0x99][0x7]Qm[0x16]|r=[0xcf][0xae]M[0x9c][0xe1]]0[\n]"
21:59:32.176 [main] DEBUG org.apache.http.wire - http-outgoing-0 << "[0xdd]{'[0xc4]/[0x9e]cGNT3[0xf5]f[0xa3]nt[0x8c][0xb3][0x97]gv[0x14]9qt{[0xac][0x88]5[0x11][0xf][0x81][0x17]s/[0xb0]G[0x85][0xc0][0xe2][0xcb][0xe8][0xc0][0xea][0xca][0xe0][0x9f][0xff][0xe2][0xdb]3[0xe7][0xa5]g[0xf][0x1c][0xef]w[0x94]4[0x8d]g^[0xa1][0x9c]\sll[0x88][0xd8][0x9e][0xd4][0xee][0xf5][0xaa][0xd9][0xac][0xea][0x8][0xe4][0x8e][0xce][0xba]I[0xd3][0xbc]<[0xf3][0x83][0x91]sK_[0x9d]]^[0xc][0x9b][0xef]g[0xbf]D[0xff][0xe3][0xd7][0xef]>[0xfd][0x8f][0xde][0x9b][0x87][0xab][0x8f][0xef][0xf5][0xcb][0xde][0xdd]#NA[0x80][[0xaa][\r][0x8e][0xca][0xe2][0xc4]v8q[0xe2][t[0xc6][0xcc][0x8d][0xdd]h[0x8a][0x1f]gv[0x14];!N[0x90][0x7][0xe3][0xaf]Qh[0x8f][0xe3][0xb3][0xee][0xd8][0xf6]"[0x7][0xfd][0xb0][0x88][0xa7]Ax[0xd6][0xfd]|[0xe6][0x5][0x13][0xd7][0xc7])[0xb6]?[\n]"
21:59:32.179 [main] DEBUG org.apache.http.wire - http-outgoing-0 << "[0xd1]]q,kfu:[0x86][0xa9]/[0xd7][0xeb][0xa7][0xe6]/[0xff]~[0xe5][\r]?^6[0xae]{[0xaf][0x9f].[0xcf][0xbf][0xf9][0x86][0xba][0xf4][0xde]F[\r][0x8a]][0xca]_F[0x96]l[0xfa]E[0xe4][0x84][0xc3][0xc0][0x8f][0x1d]?[0xe6]A[0xb3][0xa8][0x89][0xf0][0xb9][0xff][0xa6][0x8e][0x10][0x93]P[0x6][0xe1][0xeb][0xc7][0x17][0x1b][0xc7][0x7][0x5][0x8b]j[0xf9][0xfa]n[0xee][0x92][0xfc][0x91][0xe3][0xc0][0xf3][0x82][0x7][0x9c]_[0xac][0xef][0xf2][0xa0].[0x14]QKOC[0xdd][0xc4][0xdf][0xae]?9$[0x4]N[0xfb]\[0xb][0xe2][0xa9][0x83][0x6][0xc3]e[0xd0]x[0x9a][0xb8][0xd1][0xb6][0x19]Q[0xac][0xe][0x9f][0xf2][0xb9]F[0xff][0xc1][0x90][0xa1] [0x11]Z;t[0x8a][0xe3][0xbf]0U[0x8b]a[0xe4]I[0xa8][0xd0][0x83][0x8f][0xba]|[0xe6][0xb9][0xcc][0xd1][0x16][0x83]h[0x18][0xba][0xf3][0xd8][\r][0xfc]=[j[0xe9]T[0x84][\n]"
21:59:32.180 [main] DEBUG org.apache.http.wire - http-outgoing-0 << "[0xc2][0x89][0xed][0xbb][0x9f][0xec][0x3]B[0xe1][0xd4][0x8][0x11][0x18]`[0xf6]kk>[0x5][0xa7]:[0xf7][0x18]p{[0x9e]+[0xce][0xf9]\[0x9b][0x3][0xc4][0xec][0xe1][0x13]5G[0xe8][0xc][0x1d] [0xda][0xe8][0xf6][0x90]x[0x85][0x93][0x11].~[0x9a][0xd3][0x4]~[0x8f][0xfe][0xa7][0xb6]vc[0xe7][0xd6][0x1e][0xcd]h[0x12][0xf2][0xe4][0xfc][0xfd][0xe5][0xd9]<t$x[0xa6][0x13]v[0x88][0xc9][0x19][0xa3][\n]"
21:59:32.180 [main] DEBUG org.apache.http.wire - http-outgoing-0 << "6[0xe6][0xf0][0x99][0xa9][0x1b][0x9d][0x8a][0xde][0xae][0x18][0xcd][0x9e][0xa1]w[0xeb]F[0xd7][0xb4][0xfe][0x7]B[0xcd][0x17][0x3][0xf][0xf3][0xe9](C[0xaf][0x18]F[0xcf][0xb4][0xba]V[0xbd][0xab]7[0xe9]([0x9][0x99][0xdd][0x9b]/[0x7]v[0x11][0xaa]f4[0xea][0xf5][0x86][0xd9][0xe9] 8M[0xe0][0xe4][0xe3]2v[0xbc]~[0xba][0xf6][0xbe][0xf7][0x6][0xfd]e:4[0xf9]vh]y[0xa3][0x8b][0xd7][0xc6][0xd5][0xc5]O[0xc6][0xe5][0xc7][0xbb][0x6]N[0x95]P[0x95][0xbb][0x83]T$[0xc6]U<[0xd7]_<Zf[0x15][0x83][0xbc]:[0xf9][0x84]c[0x19][0x8c][0xcf][0xba][0xfe][0xc2][0xf3][0x12][0xe8]Gc[0xe6][0xd0][0xec]a[0xea][0xce][0x6]A[0x90][0xd4][0xc8][0xec]4u[0xab][0x1c][0xcb]P[0xaf][0xde][0xdf][0x1f].[0x1f][0xb6]b[0x99][0xb9][0x16][0xcb][0xc][0xe][0xff][0x5]X[0x96][0xd5]v3[0x92]e[0xc7][0xed][0x85]c[0xf2][0xb4][0xc3]Ql9[0xc0][0x97]`X[0x12][0xe9][0x8b][0x10],[0x9]r<[0xfc]J#[0xe6][0x81][0xf][0x83]go[0xf4]J[0x2][0xed][0x8b]][0xc9]y[0xfb]#Wr[0xe6]qp+[0xab][0xc7][0x12][0xe4][0xa1])[0xb6][0xa3][0x96][0xbc][0xc1][0xdf][0xca]#[0xed][0xf9][0xdc]s[0x87][0xc][0xfc][0xb5][0xc7][0xca][0xe4][0x93];G[0x14]tYL[0xe0]'Vf[0xce][0x88][0xbe]r?[0xe1][0x1b][0xd3][0xb2][0xf4]f[0xb3][0x8d]u[\n]"
21:59:32.180 [main] DEBUG org.apache.http.wire - http-outgoing-0 << "nF[0xbc][0x94][0x1b][0x6][0xb][0x1f]`g[0xb5][\r][0x13]Sw[0x15][0xff][0x8][0xd9][0xcc][0x9e][0xd1][0xee][0x1a][0xad][0xae][0xd5]"d[[0xcc]G[0x5][0x8c][0xcc][0x1f]Sg[0x8c][0x1c][0x84][0xc1][0x3][0x80][0xf7]6-fy[0xa9][0xb1][0xeb]J.9=Y[0xce][0xe5][0x17][0xbe][0xeb]`[0xeb][0xf7][0x97][0xc7]E\K[0xa7][0x15]u[0x8a][0xb8][0xf8][0xb8]3[0xe2]~:[0xa7][0xd5][0xe4]6[0xc4]m[0xd6][0x15][0xe2][0xa6][0xf7][0x11][0x85][0xb8]APS[0x88][0x8b]'[0x8f]?[0xc][0xe2]v[0xf4]F[0xbd][0xb3][0x8a][0xb8]xR[0x7][0x18][[0xf5]m[0xa0][[0xef]l[0x7][0xdd][0xc6][\r][0xe8]f[0xc8]u\[0xd0][0xb5][0x9a]m[0xc3][0xca]@[0x97]?[0xee][0x6][0xba][0x97][0xe6][0xf5][0xc5]kZ[0xba]n[0x0][0xdd][0x99]=[0xc][0xa2]= W=[0xb2][0xe7]n[0xd7][0xc5][0x87][[0xf5][0xc8][0xbe]n[0xc7][0xae][0xd8]R[0xea][0x91]}yC[0x9][0xdb] [0xcf][0xbd][0xf8][0xd5][0xf5]f[0xbb][0x8d][0xcd][0xb6][0xe2][0xe2][0xd7]`,^[0xbb][0xfc][0x15][0xf][0xf6]V[0xb7]n[0xae]G[0xe2][0xe4][0x98][0x86][0xfe][0xdc][0xcb][0xdf]%8;>[0xe][0x9b][0xcb]8l[0xee][0x81][0xc3]O[0x9b]q[0xf8][0xc1][0xf5][0xb1][0xd9] [0x1e]X[0xb6][0xee]4([0x10]V [0xac][0xf6]M[0xe3][0xda]q[0xf6][0x1f][0xd2][0xd9]tl[0x10][0xde][0xb2][0xfd]`[0xd4][0xad][0x86]e[0xb4]V[0x11][0xd8]l[0xd5][0xcd][0x6][0x90][0xb9]|[0xff]a[0x1f][0x0][0x16][0xcb][0xe5][0xe7][0xdc][0xc8]p[0xec][0xb8][0xe8][[0xd7][F[0xe]}[0xf9][0xe3]n[0xe8][0xfb][0xd3][0xc3][0xd5][0xa7][0xd7][0xdb][0xd1][0x17][0xcb][0xf7][0x1d][0xd1]W>[0x8b]%[0xb7][0x2][0xb5][0xcf][0x8b]Mo[0xb5][0xcf][[0xf2][0x9a]Z,z[0xd5]>om[0xb9]![0x8e][0xbc][0xd4][0xdd][0x86][0xb2][\r][0xcb][0x4][0xa0][0xae][0xa2]l[0xab]at[0x1a][0x8d][0xe6]:[0x98]5{z[0xa7]k`[0x9d][0xdb]^[0xbf][0xce][0xe5]cL][0xbe][0xe4]zf[0x98][0x95][0x80][0xf5][0xfb][0x7]zE[0x1f][0xe]l[0xaf][0xc8][0x10][0xd8][0x99]4!O[0xcf][0xd1][0x4][0xd0][0xa6]_[0x12]P[0x9e][0x9e][0xb]8[0x8]FO[0xd8][0x82][0xff]v[0xe1]z[0xb1]6[0xe][0x83][0x99]v[0xd3]w:[0xad][0xb6]e7[0xeb]u[0xdd]h[0xf6]?|[0x9d]p=[0xa6][0x93][0xaa]$4T[0xf1]F#ayT[0x86]x[0xad][0x1a][0xda][0x1e][0xee][0xd1][0xf7][0xb5][0xfc][0x99][0xb6][0xdd][0x19][0xe0].[0xda]n[0xb7][0xf4]V[0xb3]i[0xb4]q[0xeb]l[0xb4][0x9b]-K[0x1f][0xb5][0xac][0x17][0xd5][0xdf][0xc2][0xdf]|[0xfa]w[0x15][0xc4][0x8e][0x16]O[0xed]X{[0x0][0x8d][0x4][0xb9][0x91]&_w[0xe2][0x83][0xa3][0xe1]U[0xa8];[[0xcc][0xf0][0x1d]Q[0x1a][0x1c][0xe4][0x8c][0xb4][0xef][0xdc][0xd0][0x19][0x7][0x8f][0x1a]x%[0x11]^(P[0x98][0xa9][0x1d]i[0xc3][0xa9][0xed]O[0xf0]s[0x1c][0xa4]G[0xfc][0xe3][0xff][0xf8][0x9a]zZ[0xd6]W_}[0xa5][0xfd][0xe0][0xe3][0x95][0x82]6[0xf][0x83][0x81][0xe7][0xcc][0xa2][0xa4][0x16][0x15][0xed][0x16][0xf]([0xd7][0xef]4C[0xaf][0x1a][\r][0xed][0xeb]W ,[0xe0]=[0xa3][0xfd][0xa2]{[0x9b][0x1c][0xa2]i[0x17][0xb][0xd4]4[0xe0]Z[0xd1]L[0xf1]c[0xfc][0xe7]"
21:59:32.233 [main] DEBUG org.apache.http.wire - http-outgoing-0 << "?[0x16][0xa8][0xb][0xaa]%[0xdb][0xee][0x1c][0xaf]9[0xe4][0xe5][0xa0][0xdb][0xa9][0x18][0xb0][0x19]f[0x91]6[D1[0x5][0xd2][0xb4][0x81][0xa3][0xf9][0x1][0xfa][0x15][0xef]9F/[0xb5][0xdc][0xfb]M\?[0xce][0xc0]o[0xda]C[0x10][0xde]i[0x81][0xaf]%[0x95][0xd0][0xdc][0xb1][0xf6][0x14],[0xb4][0x99][0xed]/[0x10][0xf5]I[0x4]J[0x9e][0xe]57F[0x95][0xc2]`1[0x99]j6N[0x7][0x9b] +![0xa9][0xc1]K-Z[0xc][0xf1]{[0x94][0xb4]L[0xda]&[0x9a][0xf6][0xeb][0xd4][0xf5]"[0x94][0xea]hv[0xe8]p[0xe1]x[0xa7]G[0xe5][0xdb][0xb8][0xbe][0xb9]=[0xbc][0xb3][0xc1][0x9][0x99]hc[0xf7]Q[0x1b][0x7][0xa1][0xe8]![0xd9]~/[0xa9]^[0xa2]:C[0xdb][0xc7]![0xfe]H[0x9b][0x5][0x88]2rb[0x1b]Q)[0xca]4x[0xa0]V[0xe3][0x8b][0xb2]QM[0x1c][0xc2][0x9d][0xec]F[0x11][0xda][0xd3][0xf5][0xa9]=E[0x88][0x1b][0xd1][0x5][0xb2]y[0xf8]][0xd1][0x7]-r[0x86][0xf4][0x87][0x16][0x8c][0xb9][0xe1]G[0xc1]pA[0xcd][0xcd][0xbf][0xa6][0x17][0x81][0xee][0xfb][0x15]e[0xe3]eN[0xbe][0xbf][0xfe]Nm[0x86][0x86][0xd7][0xa2][0x98][0x9a]vj[0xdf]S[0xd7]8[0xda][0xcd][0xa5];[0xc][0x83]([0x18][0xc7][0xda]/n[0x84]&[0xd5][0xde][0xc5][0x8b][0x91][0x1b][0xe0]rG Q[0x84][0xee]`[0x11][0xdb][0x18][0x1e][0xa2]V!^<[0xb9]3[0xe7][0x3][0xaa][0x8a][\r]o[0xcf][0xc3][0x0]Cup[0xdd][0xa1][0x16]=[0x81]X3[0x93][0xad][0xe2]h[0x3][0xc][0x98][0xf0][0x89].[0x16][0xe7]T5[0xad][0x87][0xcb][0x14]1p[0xb9][0xb6]v[0xc7]#o[0xb0][0x98]h[0xb8][0xf1][0xa0]3[0xd0][0xe0][0xe0][0x9e]8[0xfe][0xff][0x16]kT[0xda]r[0x3][0xcb])[0xb0]4t[0xcf]G[0x18][0xfc][0xd9][0x88]}[0xb7][0x98][0xcf][0x83][0x10][0x3][0xf][0x9d][0x92][0xcc][0x8][0xd4][0xec][0x1c][0xd4][0x9d][0xc0]M[0x8f][0xd3]pqv[0x18]S[0xf][0xae]N[0xb0][0xfc][0xf0][0xa3]:R5P}[0xbc][0xbb][0xf3][0xd1][0xec][0xf8]ST5[0xba][0xbc][0xf4][0xe8]%[0x86][0x1c]O8z[0xdd][0x17][0x6][0x18][0xf1]<^[0x9c]H[0x1b][0x80][0xec]E-%[0xbb][0xf6][0xaf]D[0x5][0xfb][0xc5]u[0x1e]>[0xe4]F^[0xfe][\n]"
21:59:32.250 [main] DEBUG org.apache.http.wire - http-outgoing-0 << "d[0xb5]y[0x9c][0xe0]l4#z*_?[0xc][0xb9][0xa1][0x13][0x1][0x1c][0x16][0xbe]/[0x6][0xa8][0x8]mc[0x84]Q[0x1f][0x8b][0xbe][0xa0][0xea]$[0xd5]M[0x8e][0xa4][0xeb][0xc6]8s[0xf0][0x1f][0xcc][\r][0x8c]Sg[0xb6][0xf0][0xec][0x18][0xcd][0x16][0x84]"[0x6][0xf][0xf6][0xf9][0xf4])[0xc2]+J[0xf][0x83][0xf7][0xde][0x1d]:I+[0x8]@[0xa1][0xda][0xe4][0xca][0x91][0xbd][0x9b][0x0][0x80][0xec]f[0x9a][0xa4]h[0x8b][0xb1][0x1b][0xa2]B7[0x8e][0xcf][0xed][0x9]x [0x88][0x1b]9[0xe8]y[0x9e]H([0x8c][0xa2]%[0x17],J[0xcb]7K[0xf][0xbf][0xfe][0xea][0xc].[0x98]8[0xa7][\r]=[0x97][0xe0]E[0xc]d[0x87][0xe6]:Fp[0x8e][0xb]@[0xc7][0xcf][0xae][0xc0][0xff][0xea]kC{n[0xf]\[0xcf][0x8d][0x9f]>[0xa4][0x9d][0xf6][0xdb]Y[0x9f][0x9e][0x9f]0[0x14][0xfa][0xbf][0x9d][0x89]n[0xc2][0x99][0xc9]woE?[0xe5]O[0xe5][0xf1][0xe1]&[0x1d][0xd6][0x7][0xd4]wq%[0x4][0xb4][0xd7][0x82][0xfb][0xd3][0xa7][0xe0]Ku[0x97][0xbd][0xad][0xd1]6v2Ce[0xeb][0xcb][0xce][0xc9]^[0xfb][0xe6][0xfa][0x9d].p[0xc][0xb6][0x86][0x6][0x82]JL[0xe7][0xf9][0xce]Cv[\r].FO4w[0x86][0xee][0xd8][0x1d]R[0x81][0xb2][0xa1]^[0xf2][0x4][0xc][0x17][0xc][0x7][0xb2][0xc1]%[0xb6]`[0x15]C[0xd5][0x9a][0x89][0xd1][0xe8]<[0xda]3[0xa0]0[0xee][0x7][0xe8]j[0xc0][0xed][0x98]1G[0x0][\r]Z[0xae][0xec][0xba]De[0x97][0xb0][0x85][0xba][0xe9][0xf2][0xe2]j[0x9]'[0x1d][0xd1]s`1[0xd2]m[0x7][0x8][0xa6][0xc9][0x7][0xc1][0x97][0xdc]*k;[0x85][0xa1]][0x94][0x11]:[0xf1]"[0xf4][0xb5][0xe5][0xce][0xa1][0xb]sl[0xcc][0x96]1!.[0xe6]4[\r][0x13][0x8a][0x98][0xf4]r[0xd2][0xb6]4[0x2]E[0x1c]1[0xdc][0x97][0xe0][0xe1][0x95][0xb8][0xfd][0xd1][0xef][0xf4][0xaf][0xa2][0xbd][0xc2][0x9c][0x4]W[0x6][0x3][0xf8][0x12][0xf7][0x9b][0xc0]wb[0x8c]Ct[0xa8]=[0xc4][0xd8][0xa7]"[0xc4][\r]3[0xbd][0x9]j[0x1a][0xd8][0x88][0x8d][0xaa][0x8e][0x86]Cw2Z[0xd8][0xc0][0xdf][0x90]:[0x4]Us[0xc1][0xd8][0xb]}[0xcc][0xf]y[0x1a][0x3][0xf][0xf5]@n[0x96][0x8a][0xca][0xd1][0x9d]z[0xe1][0xd3][0xeb]~[0x9c][0xc9]qR[0x4][0xa1][0x11]MW[0x96][0xab][0x11]&v[0x1c][0xc][0x3]o[0x9]1[0x93]%[0x0][0xe1][0x8a][0x8d][0xf6][0xe1][0x93]p/[0x8][0xd0][0x95]S[0xdb][0x1b]'-[0x92][0xbf][0x1c][0x82][0x8e][0xa5][0x16][0xf9][0xce]}[0xcc][0x3]&[0xda][0x83]`[0x8d][0xba][0xce]FS[0xcc][0xe6]1[0xc2]fk[0x85][0x99]=[0xc2]r[0x83][0xee]^([0xdc]Mn[0x0][0xe2][0x8a][0xf2]@[0x4][0x18][0xd7][0x1e]l[0x17]'[0x8b][0xdb][0xe1][0xd2][0xc5][0xa0][0xf]F[0xd1][0xd4][0xbe][0xc3][0xdd][0x0]3[0x7][0xb1][0xc0][0x8a]Z`[\r]3[0x11]q[0xc4]U[0x88][0xe1]CK[0x96][0x81][0x83]1[0xe5][0xe0][0xbe]"[0xb9]Z[0x9][0xae]D[0xd3]`[0xe1]a[0xd0][0xce][0xd0]8[0xb8]k[0x89][\n]"
21:59:32.251 [main] DEBUG org.apache.http.wire - http-outgoing-0 << "[0xf1][0x4][0x17]q0[0x9a]y[0xe8]Q/[0xd2][0xe4][0xc9][0xe0]B[0xe][0xce](m[0x8][0x1a][0x7]`[0x3][0xe][0xc1][0x17][0xd3][0x9c]0D[0x9f][\r]A.[0x8d]4L[0x9a][0x91]6Z[0xf0]@HF[0xb4][0x88])@[[0x14][0xf4][0xeb][0x14][0x15][0xb4][0xb9][0x8c][0xe4][0xa0][0x7][0xae]7[0x8f][0x9f][0xc0][0x1f][0xbb][0x93][0x5]n[0x9b][0xa2][0x97]][0xff][0x1e][0xab]&[0x9a]k[0xf3]E[0xac][0x81]~a[0xbf][0xcc].;_[0xb6][0x98][0x5]t[0x1a]b[0xd1][0x92][0xc7][0xf6][0x1e][0xec]'L'[0xcc]l@[0x2][0x11]C5[0xed]\[0xf4]Q[0xd6]v[0x1]n[0xe4][0xb8][0x95][0xf1][0xa0][0x14]M([0xc7][0xe8][0xc][0x3][0x2]X[0x88]x)[0x10][0xd2][0x98]M[0xaa][0xc7]k[0x5]Q[0x11][0xb9][0xc6]z@[0x8b][0xf2]<d0M[0xaa][\r][0xe6],[0xaf]->[0xa4][0xed][0x94][0xd4][0xc6]{J[0x9b][0x93][0xe2][0xdc][0xfc][0xfc][0xfa][0xfc][0xe2][0xf2][0xf5][0x87][0xae][0x96],[0x8d][0xb7]0E[0x6]^0[0xa8][0x9][0x1a]nM[0x9c][[0x9d][0xf1][0x1d][0xfa][0xe6][[0xc1]@[0xd1]zA[0xe0][\r][0x82][0xc7]\H[0xdc][0x17][0x1c]/[0x98];[0xe1][0xd2][0xa2][0xdb][0xf1]+[0xef][0xdf][0xd5][0x80]TQ[0x8d]N[0x89]j2[0xc0][0xad][0xc][0xc0]As7[0xf][0xf4][0x10]Z[0xc6][0xf6][0x87]N.[0xf4][0xc3]<[0xae][0x8e][0x9f]\[0xac][0xd8][0xa3][0x85][0x17][0xe3][0x1d][0xb6]3[0x90],mL[0xd8]8[0xfa][0xb]os[0xe3]<[0xa2]p[0xac]|0[0x1][0x19][0xbc][0xca][0xa1]3k[0x83][0xad][0x15]F[0xb5]ji[0xd5]j[0xaf][0x92]{[0x16][0xba][0xaa][0xb6]|[0xa3][0xe1][0xd2]v\[0xa4][0xd1]z[0x80][0xd7]gYE"[0xb1]0[0xaa][0xce][0x92]e[0x1e][0xb3][0x8c][0xd1]r[0x8b][0xa8]6u[0xbc]"
21:59:32.255 [main] DEBUG org.apache.http.wire - http-outgoing-0 << "y[0xcd][0xec][0xb4]Z[0xba]n[0xd5][0xd0][0xfb][0x15][0xdc]Gq[0xcd][0x15]y[0x8e]3[0xaa][0xdc][0xf3][0x92][0xb0]2[0xac]$[0xb]l[0xc6][0xc7][0x9b]l[0x1][0x93][0x15][0xf4][0xe0][0xde][0xb9]K[0xbd]s[0x19][0xe0].[0xec][0xd4][0xd2]c[0xf9][0xcc][0x4][0xfb][0xde][0xe2][0x1][0x89][0x16]@[0xd9][0xf9][0x80][0xf7][0xa7][0xea]$[0x8]&[0x9e][0xc3]U[0x8c][0x80][0xcb][0xe]([0xf5][0xf3][0xa8]&[0x17][0xd0]qG[0xdf][0xe0]Y+-d[0xec][0xf8][0xee][0xe3]R[0xd4][0x9f][0x1d]L9[0xdc][0xf7][0xbf]$[0xea]}([0x9f][0x90]9r[0xbe]crae[0x17]U"[0xac]|[0x87][0xe]Zg[0x18]-];5#[0xe6][0xea][0x12][0xe9]?[0x1f][0xaa]JlF.`[0xbf][0x85]Q[0xc9][0x0][0x3][0x87]?k4[0xc][0xde]Z[0xcc]Sa[0x88][0xa7][0xa0][0x19]j[0xe6][0xdc][0x8b][0xcf]b[0xe5][0x85][0xcf]r[0xe5][0xc5][0x85][0x97]<cd%[0x1c]r[0x8d]x[0x80][0xa5][0xa7]9[0xf1]@[0x92]\[0xa3][0x98]/[0xaf][0xbc] r[0xc4][0x83][0xc9][0xcf]N4[0x7][0xb8]9[0xfd][0xfc][0xc][0xa7]&$[\n]"
21:59:32.255 [main] DEBUG org.apache.http.wire - http-outgoing-0 << "I:[0xfd][0x0][0xb3]h[0xc5][0xdc][0x17][0x98][0xa1]|[0x1a][0x86][0x6][0xad]|[0xaa]%[0x11][0xb3]v[0xed][0xbf][\n]"
21:59:32.256 [main] DEBUG org.apache.http.wire - http-outgoing-0 << "[0x82];[0xd7]9VQK[0xc1]r[0xa5]\ [0x93]#v[0xde][0x9][0x8][0xde][0xf3]zhe[0x80];$&[0xe3]bVM[0xb1][0xe0][0x95][0xf8][0x96][0xcb][0xf8][0xea][0x1e][0xad]i[0xe3][0x6][0xb0]T[0x8c]h[0xcf][0xd7]xd[0x7][0x1c][0xbd][0x2][0x93][0xf0][0xee][\r][0xad]F[0x86][0xce][0x1c][0xb7][0xb5]=[0xeb][0xc0]7"Q[0x83][0xd7][0xf4]'[0x9e][0x8f][0xe2]E[0xb4]\[0xf8][0x9a][0x92][0x96][0xaa][0x81][0x8e][0xe7]J`9E[0x8b][0x85][0xd3][0xd5][0xa2]P[0x90][0xa8][0xc4]wX?[0x83][0x96][0x8f][0xf5][0x83][0x18]`{[0x16][0xbf]GG[0x14]K[0x12][0xe5][0xff][0xd5][0x89][0xe9][0xd9]c$[0xc6][0xdc][0xe9]J_.'-;[0x99]U[0xc3][0xf8][0xa4]Eg[0xc5][0x88][0x92][0xdf][0x88][0x15][0xe].:[0x1c][0xe1]i[0x1f][0x98][0xb7]g[0xf1][0xbb][0xc][0xbe][0xd5]BD[0xe1][0x97][0xf6][0xa3];[0xc3][0xbe][0xd1][0xa9];|[0xb9][0x1c]Y6m[0xc3]=G[0xd9]K[0xe5][0x88][0xb2][0xaf][0x9c][0x87][0x93][0xa3]MV[0x86],3x[0x87][\r][0xb3][0x83][0x6][0xf7].]|[0x95][0xb]/[\n]"
21:59:32.257 [main] DEBUG org.apache.http.wire - http-outgoing-0 << "[0xfc][0x19]+[0xf4][0xdd][0x90][0x1b][0xf]i[0xad][0xaa][0xbe][0xe1]&[0x91][0xf][0x95][0xc3][0xed]w[0xd8]<[0xfd][0xc1]y[0x8a][0xde][0xda][0xd8][0x92][0x4][0x82][0x87][0xfb][0x8e][0xdd][0x4]3[0xe4][0xbd]h5[0xde]Ra[0xbc]B[0x7]t[0xbd][0x12][0xb9]*'[0x98]'rPde[0x88][0x96]|[0xe7][0xc4]=,[0x8][0x83]E|[0xe8][0x5][0xee]pw[0xca][0x15][0x92][0x96][0xfa][0x1c][0x98][0x84]r[0x8b][0x98][0x84][0xfb][0x97][0xe7][0xc8][0x1b][0xd6][0xcf][0xce][0x98][0xb6][0x14][0x87][0xa7][0xb8][0x1b][0x95][0x96]#.[0xfe]=ou[0xf5][0x2][0xac][0xf7][0xf0]X[0xe5][0xbc][0xe3][0xfb][0xd2][0x9]z[0xbc][0xb4][0x9c][0xa4][\n]"
21:59:32.257 [main] DEBUG org.apache.http.wire - http-outgoing-0 << "[0xbc][0xbf]*[0x97][0x12]');_[0xc0]R[0xa1][0xbc][0x8c]8][0x91][0x1c]^[0x14][0x98][0xf5][0xfd][0xb1]fqY[0xc4]t[0x1e]s[0xa1][0xd8]v[0xc6][0x16][0x2][0xad],[0xf7]y:-<[0xec][0x89][0x15]^TC0[0x11][0x8b]C[0xaf]<y[0x97],[0xf6][0xd7]=[0xfe].[0x17][0xc0]m[0x14][0xd5][0xe4][0xad][0xf3]\>[0xc9]/[0x15][0x92]n[0xdb][0x8d][0xe][0xbf][0x8e][0xe5]b$[0x0][0xbd][0xb9][0xe0]rD[0x92][0xa4]F[0xf][0xa3][0xc0][0x9e]/.[0x3][0x93][0x8]9[0x97][0x12][0xc9][0xb8][0x80]cE.[0x89][0xa9][0x5][0x83][0x8f][0xb8][0x1][0x1d]^[0xe9][0x4]q[0xc5]0][0xbb];}p[0xff][0xe6][0x9f]$[0xbf][0xca][0x87][0xa7][0x2][0xb9][0xd0])[0x12])[0xc3][0xdc][0x5][0xf0]gz[0xbc][0xe2]_[0xb1][0xeb]K[0xaf][0x3]h?=[0xc4][0xb2]-w[0x1c][0x8e][0xaa]nP[0x13][0xd1]{Mq[0xa8][0xe8]U'[0x1c]-m.[0xd0][0xe7]4l[0xfa][0xe8][0xb6]=lzhZ[0xe3]s[0xb1][0x95][0x9d][0xab][0xcb][0x83]5L[0xd2][0xd3]Q[0x9f][0xec][0xb9]0[0xfd][0xab]B[0x1b][0xe3][0xe2]Q[0x5][0x8f][0x1d][0xc9]F[0xf8][0x8d]xV[0xd2][0xe4]x<0[0xe0][0x88][0x9f][0xeb]*r[0x9a][0xf0][0xc5][0xcb][0xbb][0x8a][0xc6]O\[0x7][0x86]ETzh[0xab][0xe0]=[0xc6][0xf0][0x8e][0xa3]bI[0xaf]%[0xe3][0xe5][0xc0][0xa0]Hq[0xaf][0xc8][0xe9][0x90]l[0xcf][0xc4][0x9a][0x80]2[0x8d][0x96]?_[0x10][0xf6][0x81]_$Vh[0xc7][0x94]k[0x8b][0xcd]gg[0x88][0x9b][0x9a]6t[0xb0]1[0x8f]w[0x12][0xcb][0xc3]g[0x9f].[0x1b][0x8d][0xfd]J[0x12][0xe][0xaf][0xcd][0xd3]p\[0xce][0xa5]\[0xf9][0xca][0xcb]8[0xf0][\n]"
21:59:32.258 [main] DEBUG org.apache.http.wire - http-outgoing-0 << "[0xf8]u9[0xd6][0xe9][0x15]q[0x19][0x1c][0x19]k[0xdb]/[0x1c][0x1a][0xd8][0x97]X[0x1a][0x17][0x14]Q[0xb4]v[0xae][0x9a][0xfb][0xee][0xff]%[0xb7][0x4][0x4][0x93]oo[0xb9][0xb6][0xb4][0xac][0xd4][0xce]=[0xb4][0x8e][0xd6]s[0x1e][0xf][0xed][0xc9][0x8]Q*X[0x17][0x85][0x18]'[0x88]"#[0xf1][0xb8][0x83]^[0xc5][0xf2][0xb8][0xc3]z[0xec][0x8][0xe3][0x8e][0xc2][0x16][0xc7][0x9d][0xd8][0x96]8p[0x18]`[0xa3][0x1c]{[0x1a]|[0xd5]=z[0x19][0x91]Ld[0xb1]2[0xc3][0xdb][0x85]C[0xdb]5F[0xb4]J2[0xa5][0xc5][0xfe][0x3]E[0xe3][0x92][0xd2][0xfd][0x1c][0xb1][0x1e][0x1d]Xwz[0x85][0x2][0xee][0xc5][0xa4][0xc2][0xf]R[0xe9][0xdb][0xa9][0x9b]o[0xa1]G[0x81]W[0xa1][0xda]5[0xbd][0x17][0xf5]r[0xc1]s[0x9b][0xef][0xaf][0xdd][0x8f][0xce] [0x10]o[n[0xbe][0xb7]#[0xbc][0xea][0xf9]~[0x1]VH[0xf9][0xd1][0x1f][0xe9][0xa7][0x8f]\[0xf7][0xef][0xb1]l[0x9e]=i?[0xe2][0xad][0x10][0xfe]Z[0xe4]o$[0xb9][0xf0][0x81][0xfe]f[0xe2]CV#[0xf0]u~5~[0xf3]}[0x10]M[0x17][0xb6][0xf6]-n[0x18][0xa8][0xf1][0x9a]Rp[0xcc]@[0x1c][0xc0][0xe7][0xfc]`{s'[0x9a]j?[0x84]H[0xcf][0xf7][0xed][0xf2][0x93]f[0xf4][0xce][0xde][0xc6][0xfb][0x87][0x91][0x3][0x9e][0x2][0xde]m[0x6][0xe2][0x15][0xc6][\r][0xce][0x8a]][0xed][0x1d]J[0x9b][0x96][0x9f]yG[0x7]D[0xf4][0xbb][0xc1][0xc5]][0xba][0xe8][0xff][0xb7][0xe]^[0x9a]Gn[0xf9][0x19][0x1f][0xf1]b[0x1a][\r]>[0xc3][0x81]|[0xc6][0xd5]b[0xe]r[0xc3][0xb7][0xf6][0x4][0x9b][0xe5][0xe5]g[0xf8]t[0xc4][0x80][0xf][0x10]3k[\n]"
21:59:32.258 [main] DEBUG org.apache.http.wire - http-outgoing-0 << "y[0x84][0x99][0xa8][0x95][0xbd][0xe6][0x1c][0xbc]5[0x9c][0xcd][0xe9][0x8e]5][0xc4]1&[0xa6]8[0x11][0x9a][0xc][0x1a][0x1a]1?[0x1c]E{[0xd7]fO[0xf1]4Z[0xf8]4-[0xf8][0xd0]_<[0xbc]![0xfd][0xe][0xef][0xc0][0xc0]z[0xb8]/[0xaf][0xd6]=[0xe]q[0xef][0x82][0xf1][0xf8][0xec][0x18][0x14]W[0xa3][0xd3]n[0x1b]z[0xa7][0x9]:[0xe9][0x91][0x84]j[0x92][0x88]'[0x11][0xaa])[0x4]?[0x81]P[\r]^[\r]'[0xd4]Z[0xd9]4[0xcb]<[0xdf][0xbc]P[0xcd][0xeb][0xc6][0xf5][0xc5][0xe4][0xf1][0xf2][0xe2][0x8e][0xa8][0xc1][0x5][0xa1][0x1a][0x11]"
21:59:32.261 [main] DEBUG org.apache.http.wire - http-outgoing-0 << "[0x7][0xbb][0xe6]E[0xa1][0x9a][0xe1][0xa8]=n[0xdb]-0[0xc5][0xf4][0xb1]]w[0x1c][0xcb]h[0xe8][\r][0xb3]aX[0xce][0xb8]c6[0x87]mc[0xd8][0xb4][0x9d]V[0x9d][0xf2][0xc4]s[0xba]7"[0x9c]R[0xb4]![0xad][0x9e][0xbd][0xf2][0x92][0x89][0x1e][0xc2]"?[0x87]s[0x84][0x8b]![0x0];J[0xd1]f[0x8d]6V1[0xd3]n_U[0x88][0xac][0xad][0xf7][0xd7][0x85][0xc8][0xce][0xfd]g[0xc8][0xcc][0xd8]M[0xd1][0xc6][0xaa][0xe8][0x8d][0x1e]x[0xbe][0x10]u[0xd0]Y[0xd1][0xa1]L[0xd1]F[0xef]T[0xc][0x9d][0x8e]2[0x9b]][0x9d][0xd3][0x8b]O[0xa0]hSo[0xd7][0x9b]F#[0xd5]W[0x90][0x1f]wHr[0xd0][0xaf]/~2/{[0xef]7[0xe8]+[0x0][0xbd][0xe]P[0xb4]I[0xfb]S[0x2][0xb2][0xd2][0xe7][0xca]$[0xc0][0x14][0x9a][0xad][0x95][0xe7]+B[0x90]J[0xf6][0xfd][0xaf]N[0xf6]E[0xaa][0x99][0xa5][0x9b]%I[0x10][0x9d][0x96][0xde]([0xcb][0x80][0xc8][0x0][0xaf][0x1]m[0xad][0xf2][0xc][0x88][0xfc]1&g[0x3][0x9f]"[0x3][0x2][0xc8][0xb5]"tS[0x82]f[0xc7]X[0x8a]'[0xd2]b[0x2]y[0xd3]l3[0xf9]q[0xf] [0xde][0x90]m[0x96]V}/[0xa1][0x1b][0x5][0xc4]*[0xe1]W%[0xfc][0xfe][0xd3]'[0xfc]n[0x97][0x1c]3[0xea][0x8d][0x8e]a[0x94][0x0]q[0xc3]@[0x1a][0x94]^[0xaa][0xb3]7[0x16][0x9f]L[0xff]f#[0x16][0x9f]F[0xff]F[0x80]o[0xaa]#?[0xee][0x81][0xc5][0x1b][0xf4]o[0x8][0x8b][0x95][0xfe]M"[0xaa][0x9c][0xbf][0xc7][0xa8][0x7][0xfc][0xdc]B[0x9f][0xe8][0xe0] [0x9f]+[0xc9][0xda][0x9c][0x0][0xf2]?[0xbb][0xf4][0xc2][0xe]H[0xdc][0xae][0xd7][0xa1][0x1a][0xbb][0x9a][0x17]l[0xe9]z[0xdb][0x80]D[0xd9][0xaa][0xfa][0xc2][0xde]@\[0xee]E[0xf1][0xc9][0xe4]o[0x4][0xee][0x92]n6k?[0xca][0x8f]{[0xc0]0[0xed][0xe9][0xae][0x91]!#[0x18][0xc6][0xfe][0xbb][0x92][0xbf][0x99]-[0x9][0x8c]+[0xc]V[0x18][0xbc]Y![0xfe][0x9f]a[0x93][0x95]2[0xe7][0xc0][0xbb]([0x13][0xe0][0xdd]&[0xcc]`Y[0x9d]f[0xb3]D[0xb][0x12][0x92][0xbc]$[0x9c]}[0x4][0xfc]e[0xed][0xf1][0xe7][0xdc][0x94][0xc8]`[0xec][0xf8][0xfb][0x11][0xa4]W[0x9e][0x3]_l[0xdb][0xe4][0xed][0x1b]J[0xa5][0xce][0x93][0x8d]a[0xda]S[0xde][0xc][0xbe][0xbb][0xab][0xdf][0xa8][0xad][0x8][0xb5][0x15][0xa1][0xb6]"[0xfe][0xe9][0xb7]"[0xb6][0x81]o]o[0xeb]u(h[0x15][0xd5][0x1f]a[0xe][0x83][0xfd][0x9][0x88][0x92][0x1d][0x1]~y[0xdf][0xf8][0x99][0xe1][0xf7]4[0xaa]8[0xe2][0xe5][0xff][0x11]UqD[0xc0]2U[0x9c][0xc1]h[0xd0][0xac][0xf][0xc7]Fs[0xd0]l[0xef][0xa7][0x8a][0x93]?sX[0xb7][[0xa6]a[0xe]l[0x3]\[0x86]14q[0x6]C[0xa7][0xd9][0x4][0xf1][0xa1]>[0xb4]3U[0x9c][0xdb][d5[0xb0][0x16][0x87][0xa0][0xd9]q[0xba]v[0x18][0xfd]/[0xf8]X[0x14][0xc9]ae[0x18]R9[0xd9][[0xdf]$M[0x9d]M[0x15]~[0x8e][0x9d]9[0xfb]bo[0xd1][0x14][0xd2]L!a[0x5][[0xbb]I[0xf5]R2[0x5][0xa2]-i[0xd6],)[0x13][0xd5][0x8c][0xa6][0xd1]z[0x91]S;[0x99][0x13][0x97]j[0x8][0xc9][0x8f][0x90][0x12][0xe9][0xc9][0x85][\n]"
21:59:32.262 [main] DEBUG org.apache.http.wire - http-outgoing-0 << "y[0xdf]$8D[0xf2]3X#[0xb1][0x80]I[0xf2][0x8b][0x9d][0xea][0xb0]D[0xa0]\UoS[0xfd][0x1f][0x12][0xf]*([0xb0][0xf0]G([0xeb]d:,[0xeb][0xf5][0xde]j[0xfd][0xbf]!=[0xbc][0x8f][0x88][0xff][0x81][0xda][0x8][0x8d][0x1][0xca]3[0xa7][0xdf][0x98])N[0xff][0xb4]%m[0x13][0x92][0x14][0x10][0xa9][0x9e]#J[[0xe7]t}[0x8f][0x95]d[0xca][0x2][0xca][0xa4]z[0xa1]"#E.8[0x9b][0x9f][0xf4][0x8]H[0x99][0x87]r[0xf3][0x1f][0xa6][0xe][\n]"
21:59:32.263 [main] DEBUG org.apache.http.wire - http-outgoing-0 << "[\r]I[0x1d]HV[0x90][0x1a]5[0xd7][0x14][0xe7]o[0xdf][0xa4]I[0xed][0xa4]Uc[0xfb][0xd0]]A[0x89]E[0x9e]]N[0xf4][0xc7][0x8e][0x87][0xd3][0x9c][0xae][0xc0][0xea][0xe5]G[0x8e][0x1d][0xe][0xa1]![0x2][0xb5] T[0xe5][0xca][0x9d]Lq[0x19][0xff][0xf8][0xcf][0xff][0x19]A[0xfe]dl#[0xd7][0x1c][0x15][0xc0][0xf8][0x5]+[0x8f][0xd3]p[0xb3][0xc6]x#[0xd4]}[0xbc]@XD[0x14][0xb4]D[0x12]e[0x1d][0x8c][0xb][0x12][0xb][0x98][0x80][0xff][0xe7]/i'[0x89][0x16][0xe5][0xe4]~[0x96][0xb0][0xa2][0xf6][0x84]{N[0xa0]y[0xc8][He[0x1a][0xf2][0xd1][0x93][0xa4]lYG[0xc][0x4][0x11][0x83]:*[0xa9]kr|[0xc4][0xaa][0xc][0x10]8[0x1][0xf3][0x9b][0xb4][0xe][0x12][0xd5][0x12]q[0xb5]|I[0xac]t[0x94]^[0x93][0xc6]#[0x98][0xf4]![0xc8]_*[0xea]f[0xd7][0xa9]iFU[0xeb][0xd7]H&J[0xba]aD5Y[0x95]*[0xf2][0xbe]k$[0xd9][0x81]E{T[0xbb][0xa4][0xf6]I[0xd2][0xe2]+[0xe8][0xd1][0xbe][0xa8][0x9f][0xa6][0x99][0x8][0xf0][0xbf][0xfe][0xed][0xfa][0xf2][0xf5][0x17]E[0xb1][0xd6]U#[0xe9][0xb5]][0xab]S[0xdf]X[0x9d]}[0xa2][0x89][0xb][0xcc][\r][0xc4]<[0xd5]q[0xfd]([0xcc][0x8b][0x8][0xe5]\F [0xb4][0x4][0x1a])$TVzG[0x94][0xf3]&[0xa6]N[0xa2][0x81][0x2]w[0xa8][0xc8][0x95][0xca]Gs[0xbc]i$[0x85][0xa0]5[0x81]R[0x19]-[0x11]c}G[0xf6][0xa9][0xfb][0x13]=[0x89]D5[0xa7]/[0x4][0xa2][0xfa]@[0x18][0x87][0xc4]=[0xe4][0x90]+[0xd7]UH[0x94]@xPC[0xc5][0x6][0x1e]m[0xc1][0xc]I[0xe6][0x10]([0x2]2[0x0],[0x2][0xf]&T[0x8][0x9d][0x8d][{[0x80]/[0x17][0xb8]m[0x88]I&[0xa6][0x94][0x14][0xa5][0x2][0x1c][0xf8][0xa9][\n]"
21:59:32.264 [main] DEBUG org.apache.http.wire - http-outgoing-0 << "[0xb].[0x9c][0x95]4[0x9c]Q9[0x2],[0x11]@[0xd7][0xb7][0xbc]H[0xa5][0xc7]cGz[0x93][0x1a]@E[0xe][0x8]F:b[0x91];[0xf1]3[0xf1][0x15][0xa8][0x8c][0xad][0xdc][0xb8] )[0x93][0x93]Uy[0xa9]9[0x8f][0xe0][0xd9]s*[0xb5]PVY[0x9]/[0xae]4[0xb][0x8e]{"A[\r]k[0xaa][0x90]bM[0x8e]Q[0xaf][0xdd]9Oy[0xb5]3![0xc6][0xa5][0x9]Y[0x15][0x11][0x87][0x94] H[0x15]hH[0xae][0x84][0x4][0x97][0xa8][0xf4][0xb2][0xde][0x14][0xe4][0x1a][0x82]E[0x84][0xd6][0x9e][0x0]tf[0xa0][0xcf][0x8e]05[0x91][0x1][0x80]f[0xb7][0xa5][0x0][0x91][0xad][0xdd][0xbb][0xe1][0x82][0xf5][0xaa][0x90][0xb3][0xee][0x8a][0xf][0xa4],[0xf6][0x80]j[0xa6][0x8d]K[0xb7][0x8e][0x9f]A[0xe1]E[0x87]%PP[0xd1].[0xc2]`>/[0xdc]><g[0x2][0x97]1[0x90][0xf5]=[0xe8]<@[0xf4][0xe]y[0x1f][0x9a]$[[0xa3][0xcb]ej_N[0xaf][0x87]PI[0x9e][0x3][0xfd][0x14]BM[0x92][0xeb][0x81] [0x4]7L[0xee]l[0x8]u[0x89][0xc6][0xea][0xfe][0xed][0xec][0xf5][0x8f][0xaf]/__[0xf5]~;[0xeb]j[0xff][0xfa][0xfe][0xfd][0x9b][0x8b][0xfb][0xbd]/o)[0xa9]$[\r]I'[0xd0][0xf0]b[0xd5]$[0xc][0x97]D[0x8e]L[0xb6][0xe3][0xc][0x85][\r][0xc0][0x1d][0x84]L[0x9d][0x7]LL+,ZV(V[0xd1]<[0x82] [0xb]"
21:59:32.278 [main] DEBUG org.apache.http.wire - http-outgoing-0 << "[0xab]WQ[0xfb][0x92][0xe4][0x19][0xf5][0x1d]+[0xd4]=[0xb8][0xb8][0x9][0x13][0x96]#[0xa7][0x14][0xa3][0x95][0xa7][0x9f][0x94]'[0x93][0xb2]k[0x19][0x99][0x1c]C[0xd5][0x1f][0xd9][0xe1][0x9a][0xb1][0xfa]n[0x99]z[0xbc]~[0xb4][0xca][0xe][0xd0][0xfa][0x95]J[0x96]NCbK[0xd0][0xc0][0x12][0xa9][0x8][0xc4][0xc3]B[0xfd]X[0xec]*[0xe9]'m[0xf5]x[0xed]_[0xdf]^[0xff][0xdc][0xfb][0xb7]>[0x8b][0xd7][0x0]+[0x80]3R[0x94][0x8e][0x6][0x6][0x94][0x83][0xc4][0xf0]E9[0x1c]]6-[0xf2]2@[0xe8][0xa6][0xb9][0x9b][0xde][0xaa][0x7][0xd0][0xe0][0xc2]8[0xe1][[0xbe]h[0x5]V[0xf8][0x11][\r]![0x1b]N[0xb4]([0xec][0xe7]Hy/[0xc8]F[0x86]U[0xd5][0xf1]I-i[0x80][0xad][0xc8]?![0x17][0x94][0x95][0x9e]P[0xab][0x9c][0xda]R2@RQ[0x1c]Q[0xc2]%[0xc9][0x3].[0xcf]H[0xbe]o[0xa7][0xa2]Oso1[0xe3][0x85][0x5][0xdd][0xd9][0xf3][0xa3],[0xed]([0x11]([0xbf][0xea][0xc9][0x15];[0x83]\[0x4][0xeb][0xc2][0xe5][0x86]XZ=\[0xd8][0xc8][0xa1][0xc7][0x9a]Hv>Mi{F[0x96]OT'[0xa1]{[0x88][0xdb][0xee][0x98][0x4]F[0x96] [0xb]C[0x93][0x85][0x5][0xa5]^[0x12]/[0x81][0xfd][0x0][0x93]R :M[0xd9][0x8a]3[0x1e]c9%:[0x85]W[0xd1][0xbb][0x82]^N[\n]"
21:59:32.278 [main] DEBUG org.apache.http.wire - http-outgoing-0 << "[0x91]'[0x81]TYDr[0x9f][0x86]!,.[0xf7]z[0x11][0xa3][0xde][0xc3][0xe9][0x93]l[0xa9]h[0xea][0xce][0xa1].[0xa5]][\n]"
21:59:32.278 [main] DEBUG org.apache.http.wire - http-outgoing-0 << "[0xb][0xd4][0xb4][0xa8][0x8a][0xf6]Fh9%"Li[0x83]P{[0xba][0xbe]\[0xf4]-[0xf][0xc5][0x5]5Y[0xbe][0x8f][0xb][0x82]V"[0x1b][0x91]&'9][0xd1][0xf8][0xd8][0x14][0x88][0x1a][0xc6]Cn[0x4][0xe6][0xeb][0xd4][0xc5][0xca]57[0xc6][0xbf]}"|[0xa3][0xdc][0xe][0xc0][0xb0][0x1d]b[0xce][0x86][0x89][0xb8]&K[0xe5]qq[0xc]aGQ[0x18]F%:(-R4[0xc8][0xd8][0xb3]'4[0xc4]q[0xff]Z[0x85][0xfc]Dv[0x93][0x81][0xc0][0x9e]@[0xd8]K{@[0xba][0x2][0x96]<T[0xf9]([0x6][0x96][0x84][0xb9]&{[0xc7][0xcb][0xc9]D[0xda][0x8f][0xef]j[0xd4]Z[0xc9][0xda]M[0xde][0xda][0xb0][0xf2][0xfa][0xf6][0xdd]E[0xe][0x15][0xf3][0xb5]}`[0x1d]-[0x10]N[0x13],[0xf]|LA[0xb9]r[0xe3];[0x87][0xd0][\r]L[0x83][0xe3];q!})[0x6][0xd3]OV[0x9f]([0xe7]G[0xb2][0x1e][0xc4][0x95]]a[0xd9][0x90]_X[0x8f]\[0x8c]1[0xe4]][0xc7]T[0x13][\r]Mp[0xf][0x91][0x9c][0xe4][0x16][0x81]![0xea]x^zYN[0xf1](j[0xd3][0x9b]~[0x89]|[0xcd][0x9e]i[0xd3]J[0x10]G[0xe8][0xee][0x88][0xf6][0x94]i]J[0x10][0x7]c[0xab](S[0xb3][0xe7][0xc0]R[0x82]8[0xdb]%[0x99][0x90][0xb8]+[0xb6][0xa3]([0xc5]V[0x8c][0xc0]U[0xad][0x9a]=[0xdb]}[0x17][0xb5][0x94][0xd5]BD[0xe1]J[0x10]g[0xcf][0xc6][0xde]c[0x90]+A[0x9c][0xed][0xea]lJ[0x10]'[0x93]kS[0x82]8BxG S[0xa9]P[0xcd][0x9e][0x93]u[0x17]d,-'[0xa9][0x82][0x12][0xc4][0xa9][0xb1]R[0xea][0x16][0x8d][0xc5][0xc2],[0xce][0xee]p[0x99][0xc4][0x8e][0x12][0xc4][0xc9]dg[0xf1][0xbc][0x9f]SqU[0x82]8[0xa9][0x1e][0xef]r[0xc3][0xe4][0x5]qxB*}[0x9a]/[0x14]!Q[0xfa]4_[0x91][0xec]MQ'D[0xe9][0xd3]x_)}[0x1a])[\n]"
21:59:32.279 [main] DEBUG org.apache.http.wire - http-outgoing-0 << "[0xa5][0xf4]i[0x94]>[0x8d][0xd2][0xa7][0xa9][0xfd][0xb3][0xeb][0xd3][0xd0][0x82]@[0xac][0xd2][0xcb][0xdc]H[0x8e]"[0x92]W[0x90][0xd4]?[0x8e]"N[0x3][0x86]m[\r][0x8b][0x92][\r][0x8e][0xa5][0x88]##[0x9e]F[0x11]g9[0xf8][0x9][0x14]q[0xea][0x99]"[0x8e],k[0x99][0xfb][0xbb][0xa4][0x88]c\~|c][0xf5].)[0xe1][0xa2][0xa0][0x88]#[0xe2][0x94]([0xe2][0x18][0xad]N[0xbd]a[0xf][0xdb][0x16]rb:[0xa3][0x91]m[0x80][0x9b]2l[0xf]G[0xb6]>l[0x8e][0xec][0xd1][0x0]LA[0x98][0xe5][\r](#Z[0xd2][0x88][0xf1][0xd7]6)[0x9c]sA%pF=[0xd0][0x93][0x9c]0a/[0x9b][0xed][0x86][0xd1]^[0xae][0xff]O[0xcd]_[0xfe][0xfd][0xca][0x1b]~[0x4][0x87][0xf9][0xe2][0xfd][0xe3][0xf5][0xf9]7[0xdf]P[0xd7][0xdf][0xc3][0xd8]#[0xbc]][0x84][0x1e]|[0xe3]R[0xad][0x13][0xfe]22[0xa4]|![0xbd]g[0x93][0x4]tv6X[0xd4][0xc][0xe][0xff][0x97][0xfb]oh[0xf4][0xc0][0x14]M[0x4]![0xda][0xf4][0x19][0xbe]([0x4]+c[0xd7][0xaf][0xd6][0x9a][0xe4][0xe2][0xb][0xd5][0xc8][0x11][0xc4]V[0x8f][0xdf]+o[0xa3]p[0xfa][0xe1][0xa2][0x12][0xe5][0x81][0xbe]D([0xa7][0x18]q[0x82]Ww[0xd1][0xe7][0x1a][0xfd][0xe7][0xd6][0x1d][0xfd][0x8e][0xe6][0x94][0x89]q[0xc5]>[0xda][0xa1]Ya4p[0xac][0x9c][0xba]b5[0xbf]Xl[0xa2][0x18]p_[0x1][0x9d][0xe2][0xf9][0xfb][0xcb][0xe8][0x14]#[0x1c]'[0xcf][0xa3][0x18][0x95][0xcc][0x5]Aq[0x1b][0xdd][0x8a][0xf0][0x4][0x17][0xd0]2[0xc5]Dy[0x8f]YE[0xbd][0xeb][0xc6][0xce][0xad]=[0x82][0xd4][0xe3]Yw[0xc][0x9a][0x9b][0xf3];[0xb4]qBl?1[0xb7]Q~W[0xca][0x13]6*f[0xbb]g[0x9a],[0x96][0xb3]^R'9[0xaa][0xa1]w[\r]V[0x8f]8[0x81][0xa4][0x8e][0xde]6[0xad]z+[0xcd][0x9c][0x90][0x1f]w[0xc8][0x9c]x[0xb8][0xbe]x[0xf3][0xe9][0xea]b[0xb8]!s[0x2]h[0xba]VR[0x87][0xc1]f[0xee][0x5][0xf0]z[\n]"
21:59:32.280 [main] DEBUG org.apache.http.wire - http-outgoing-0 << "[0xcf][0xba][0x9f][0xcf][0xbc][0x0][0x9e]lh[0xda]B[0x1f][0xe0]([0xce][0xe8]P[0x98]8[0x10][0xf8][0xcd]:)[0xc5][0x81][0x9a][0x2]*[0x9a]K[0xfc][\r]X;[0x4]t[0xd2][0x93][0xf][0x16][0xf]+VMab[0x10][0x1d][0xd2][0x13]$L[0xdc][0x90][0x1]7[0xd9][0x92][0x85]av[0xc][0xe4][0xc0][0x95][0xa4][0xc0]5`d[[0xae][0xcb][0x93][0xa2][0xa6]!Qs1[0x87][0x3][0x1a]P[0xdc][0x8e][0x81]/[0xa6]nt*[0xfa][0xca]1[0xa7][0xc8][0xc1][0x0][0xfc][0xad][0xe8][0xf2][0x94]@[0xe2]1[0xf3][0xe0][0x18][0xbe][0x9b]i[0x12][0xb2][0xfc][0xb8];[0x9a][0xff]}C[0x12]rZ[0xf5][0x12]][0x1e][0x85][0xe6][0xa0][0x4][0xe7][0xd6][0xf1]j[0x85][0xeb]&[0xfa][0xe9][0xfc][0xd4]Qz[0xd7]R+[0xdc]x[0x1e]uk[0xf0][0x99][0xdb][0xa1][0xb1][0xfe]yV[0xb8]_[0x82][0xe6]m[0xe4]37K[0x14]%[0xcc][0x8e]n[0xea][0x9d]5[0xe2]>[0xf9]e[0xb0][0xb1]Fhme[0xa9][0xfc][0xec][0x80]~[0x1a]q[0x1f][0xb1][0x1e]_[0x6][0xf4][0x16][0x1a]pkbs[0xb2]<[0xdf][0x2][0xe8][0xe5][0xe2]>[\n]"
21:59:32.280 [main] DEBUG org.apache.http.wire - http-outgoing-0 << "[0xce][0x15][0x9c]/m*[0xed][0x82]P[\n]"
21:59:32.280 [main] DEBUG org.apache.http.wire - http-outgoing-0 << "[0xce][0xff]tp[0xae]w:[0xed]V[0xc9][0xe2][0xdc][0xc4][0x9a][0xbd]^[0xc7][0x1e]fI[0x8a]t[0xe][0xa9][0x1b][0xac]>[0xb1]iy[0xae]w[0xc5]1[0xcf][0x89][0xe6]'S[0x8][0x12][0xab][0xf1][0xe5][0xad][0x96][0xe6]."[0x15][0x12][0xcb][0xff][0xbe]e[0xab][0xa5]D!"
21:59:32.291 [main] DEBUG org.apache.http.wire - http-outgoing-0 << "H[0x1][0xb9][0x2]r[0x5][0xe4][0xeb][0x1f]A[0xfe]$[0xbb],[6Y,[0x8]n[0xb6]iUY[0x94][0xba][0x80]&[0xb2][0xd5][0xd9][0xb2][0xcb][0x82][0xbd][0xe9][0xf6]v[0x18][0x17][0xc7]<'[0x8c][0x9f]FhH[0xac][0xc7]S[0xb1]M[0xf9]q[0x8f][0xf5][0xf8][0x6][0xb1]M[0xda]`A[0xad][0x8b]BC[\n]"
21:59:32.292 [main] DEBUG org.apache.http.wire - http-outgoing-0 << "[0xc3][0x15][0x86]+[0xc]W[0x18][0xee][0xce][0xc5][0xb][0xe5][0x98][0xde]@[0xca]Wg[0xe4][0xc0][0x13][0xc1]e[0xee][0xac][o[0xb6][0xc0]M[0xc0][0x92][0xbb][0x88][0xe1][0x9d]V[0xbd][0xd9]h4[0xb7][0xae][0xc5][0xf9][0x5][0xe3][0x96][0xb5][0xf8][0xc9]d[0x93][0xd7]m[0x95]gp[0xf8][0xfb][0x7]"k[0xc0][0xeb][0xca]+R[\r][\n]"
21:59:32.293 [main] DEBUG org.apache.http.wire - http-outgoing-0 << "[0xdb]g|K'[0xef]H[0xe8]5[0xd8][0xf9][0xfd][0xf7][0x9a]<[0xbd]v[0xf][0xe3]fA[0xf4]8[0xa2]\[0x91][0x8]X"W[0xd4]1Z[0xf5]V}[0x8c][0x97][0xac][0x96][0x93][0x9][0xe8]L'Kv[0xaa][0xb2][0xba][0xf0]"[0xf4][0xe3][0xd0][0xf6]jH[0x93][0xad][0xe5]O[0xcc][0x4][0x89]J[0xd4]o[0xde][0xe0][0x9c]`[0xb4][0x18]"[0xa9][0xbb][0xf]Khw[0x18][0xc3][0x9d][0xcb][0xc1][0xb7]N[0x88][0xbc]s{[0xc0][0xc9][0xec]H[0xae][0xb7][0xe7][0xf2][0xef][0x84][0xf5]$[0xd4]T[0xc0][0xd9][0xcc]~s)z[0xc4][0xde][0x8a][0xc8]9[0x87][0x8c][0x1][0xc7][0x13]9[0xd5]Y0m8u[0x86]w2[0xaf]V[0xa6]|[0x93]4[0x6][0xa9][0xa9][0x88][0x94][0xe4][0xfe][0xbf][0xba][0xfe][0x1c][0xf9][0xd9][0xf4][0xc2][0xfc][0x9b]1[0xaa][0x83]4})[0xa0]@*.[0xe7]$|A[0x91][0xa9]*PiY[0xae][0xab][0xc]/T[\n]"
21:59:32.294 [main] DEBUG org.apache.http.wire - http-outgoing-0 << "[0xc6]c[0x12]u[0x90]R0/Id[0x2])[0xcb],L[0x4]#3$Q'[0x11][0xa0][0xcd][0x81][0xac]s[0x8]E[0x84][0xa4]![0x1]5[0x0][0x96]^H[0x9d]3[0xd9][0xcd][0x90]\[0xb7][0xb3]>X[0xe7][0x18][0xf9]Uj[0xab]G[0xde][0x85][0x10][0xb0][0x88]^[0x88]BX[0x18]A[0xa4]lC:[0x4]J[0x9]b[0x16]"W[0x9c]z[0xc0][0xcb][0xf2][0xd9]+B[0xa0]H[0xa3][0xa6]E[0x8c]y@[0xf9][0xd9][0xfd][0xbf][0xbe][0xee]i5[0xe9][0xea]Y[0xfb][0x9c][0xb9][0xe0][0xfe]N[0xa3][0xb5]"
21:59:32.300 [main] DEBUG org.apache.http.wire - http-outgoing-0 << "[0x96]y[0xf8][0xd5][0xc6][0xb][0xcf][0x93]23[0x94]f[0x8d]tp[0xce][0xf7][0xc7][0xb7]Z[0xa2]p[0xa0]e[0x87]CR[0x2]*JR4[0xe8][0xaf][0xa1]3[0xd1][0xbe][0xc3][0x10]r[0x9e]r[0xf9][0xdb]B [0x88]j[0x3]1[0x4]8[0xda]AW[0xc1]A[0xb2]we[\n]"
21:59:32.301 [main] DEBUG org.apache.http.wire - http-outgoing-0 << "[0xc3]7[0xed]_[0xff]v[0xfd][0xae]wu~[0xf9][0x1a]][0xc4]I[0xe3]T&R[0xba]G[0xac][0xe9][0x11]h[0xb6][0xb8][0xf8][0x9c]b[0x11]w[0x17]D[0x3][0x9c][0xda][0x9b][0xb7][0x9a]g?!I[0x1d]9[0xd9]Y[0x12]wi[0xc9]Y;[0xbc]Ey[0xab][\r]A[0x8c][0x99][0x9a][0xe0]T[0xd7]P[0xd3][0xfc][0xf5]#;[0x9c][0xbd]3EFH[0xd6][0x81]_nt[0xf9]"[0xc9][0xf3][0xa7][0xb][0x15][0x9b][0x15][0x18]X[0xd4]Pq0[0xaf]x[0xd8]t[0x87][0xe6]K[0x8][0xe9] j[0xb][0xde][0xf8]~[0x8c][0xcb]T[0x9f][0x1c][0x8c][0xc][0xb4][0x82][\r][0xc9][0x8]2-[0x85]B[0x11][0xfe][0xc6][0xd4][0xab]B[0xaf][0x8]cu[0xec][0xc0][0x5][0x12][0xc3][0x96]4[0x19]\dN[0x8b][0x16]M[0xd2][0xe7][0x9b]M:[0x9e][0xa4][0x3][0xf2]9[0xf7][0xbf]f[0x83][0x98]Z[0x16][0xbc][0x12]);[0xa2][0xf5]q[0xdd]q@[0xe3][\r]5[0x82][0xd2][0x8c]SE[0xc2]>[0xc4][0x10][0xe8]#[0x89][0x16][0xf5][0x91]V[0x8f][0x99]'[0x5]i[0xfa]q[0xb8]p[0xfa][0x10][0x1c][0x98][0x80]`1![0x11][0x1]y[0x96][0x6][0xe1])L|[0xcf][0x8b][0xa0][0xe8][0x0]k[0xc2][0xbe][0xeb][0x8f][0x83][0xaf]_[0xf4]_j}[0x88]a[0xf8][0xfc][0x17][0x4]?D][0xfb][0x9c][0x4][0x85][0xef]p[0x86]O28![\n]"
21:59:32.302 [main] DEBUG org.apache.http.wire - http-outgoing-0 << "[0x14]S][0x16][0x9e][0x80]JeEP[0xb][0xb5]![0xcd][0x6][0x94][0x0][0x80][0xa8][0x8a][Lu[0xe4]F[0xa4]03[0xfa].[0x8][0x89][0xfd][0x86][0xaa][0xf5]s[0xd7]([\n]"
21:59:32.310 [main] DEBUG org.apache.http.wire - http-outgoing-0 << "E[0x9f][0x90]`[0x0][0xa5][0xf3]'m[0xf5]o[0xdf]h[0xcd][0x86][0xd0][0x96][0xb2][0x97][0x84]x8,] [0x4]N<[0x8c]j[0x88][0x81]$[0xd2][0x10][0xc9][0x81]P[0x11]K*Y*[0x4][0xd3][[0x84]P[0xca]A[0xb][0x1]q[0x84]~[0xe][0xcd][0x4];[0x9c][0xb5][0xa6][0xe3][0x97]R8[0x85]U[0x80]2[0xfd][0x6]j[0x8][0xc1][0xf6][0x19][0xe1][0x1c][0x89]f[0xd4]B[0xb8]"![0x17]D[0x91]bQa[0x9e] [0xc0][0xa7][0xe1][0xb2] [0xcd][0x8a]^[0xc8]9[0x89]U[0xe5][0x1][0x86][0xe5][0xc0]$[0xee]l[0x2][0xd6][0xe4][0xea][0x8][0xd7][0xd1]?[0x13][0xe8][0xbc][0xb0]B[0x8][0xa0][0x9c][0xba][0x9d][0xe1][0x92]cQMr[0xba].[0xb0]2[0x16]~[0xba][0xc0][0x5]9[0xba][0xf3][0xd2][\r]R[0x9e][0x9][0x8a]*[0xa4]$$UQP[0xc0][0xcc][0x19][0x91][0x3]h[0xc8][0xfa]$[0x19][0xfa][0x92][0xa4][0x9b][0xe8]?[0x8c]-L[0x9d][0x14][0xdd][0x11]][0x9c][0xbc][0xc3][0xa5][0xa4]=%[0x85]nd[0xa8][0xac][0xd2][0xb8][\n]"
21:59:32.310 [main] DEBUG org.apache.http.wire - http-outgoing-0 << "4>K[0xb8]0,[0xdf][0x13][0xaa]A[0x0]h[0x1e][0xcc]Y`[0xe][0xd2]2[0xa2][0x12][0xe3][0x10][0x92]D[0xa4] Bc[0xd0][0x8e][0xff][0xf1][0x9f][0xff][0xa7][0x94][0xf][0xe1][0x1b][0x1d][0x9][0xbc][0xa1]^[0xf8][0x16][0x95][0xa2][0xc6]A[0xcb][0x94]@[0xbb][0xbc][0x1e][0xdc]B[0xe0][0x94][0x1e][0xdc][0xd1][0xbd][0x11]3L62[0xb][0xe9]h3[0x7].[0xa1]y[0xe4][0xe3]^D[0x5][0xa9][0xed]1"P[0x9a]3&[0xf1][0x19][0xc][0x2]v[0x14]O[0xc][0xca]SY48[0xee][0xe6]|qS-[0xc0]u[0xb7][0xa9]L<'[0xf3][0xa2][0xce][0xa7][0x1d][0xc8][0x9b][0x96][0xcc][0xaa][0xcb][0xdf]$B[0xc7][0x9d]-[0x96][0xe6]BA[0xcf][0xe4][0x95]P[0xbe]C[0xdb][0xf6]_[0x9]L[0xa9][0xf4]p#[0xef][0xd3][0xa5]$[0xc2][0xf][0x90]^![0xee][0x16][\r][0xa7][0xfe]"[0x1e]W[0xda]}[0xfa]s[0xec]>&m[0xc5][0x92]y5[0xa3]j[0x14]Tu[0x6][0x8b]L:[0xa6][0x2]9&[0xcf]~$ A[0xc3][0xa3][0x3][0x84]j[0xd2]'[0x16][0xc5][0xa1][0xd2][0x12]oi[0x12][0xcc]C?[0x2]"y[0x0][0xf3]p[0xc0][0x1c][0xe7][0xcc]J[0xd9][0xcf][0xa4][0xe5]%[0xc4]e([0xd6][0xb1][0x1b]3[0xb9]Q[0xe4]z[0x98][0x1b][\r]S[0xc][0xb7]\4JD5f[0x99]&[0x14][0xbe][0xce][0xeb][0xf7][0xa0]N]c[0xf5][0xfb][0x82][0x1a][0x82][0xa4][0x9b][0x96][0xdd]5[0xae][0xc1][0xbd][0xeb]<[0x90][0xea][0xd1]K[0x82]%[0xfe]F[0xea][0x1][0xa1][0xc6]ry[0xc3]Wr[0x1c]:[0xba]e[0xd6][0xe1][0xda]B[0xbb]"[0xc7][0xa2][0xa3][0xcb][0x88][0xa7][0xa1][0xa3]/[0x7]?[0x1][0x1d][0x1d][0xa2]P[0x9]qQ[0x96][0xb5][0x81][0x8e][0xfe][0xe9][0xf2][0xe3]O[0xfa]U[0xef][0x8e]v[0x86][\n]"
21:59:32.311 [main] DEBUG org.apache.http.wire - http-outgoing-0 << "tt[0x11][0xa7][0x84][0x8e]>[0x83][(SP[0x15][0xd9][0x1c][0x4][\n]"
21:59:32.311 [main] DEBUG org.apache.http.wire - http-outgoing-0 << "E6Wd[0xf3][0x9d][0x89]4[0xa4]-[0xff][0x1d][0xc8][0xe6]m[0xd8][0xb2]V[0xf4]:9[0xb3][0xea]V[0xb7][0xce][0x82][0xd3][0xa5][0xfe][0xad][0xfc]^[0xd6][0x80][0x97][0xa1][0xd9][0xad][0x9f][0xc8][0xbf][0x15][0xec][0x1f][0xdc]'[0x12]2[0x8b][0xfc][0xb4]}[0xef]|[0xd2][0xb8]b[0x84][0xfc][0x89][0x92]^[0xd6][0x88][0xf4][0x3])+b[0xa5]^[0x5]\V'[0x4][0xa6][0x9e]=ph[0xe3][0x94][0xf7][0xb5][0x14][0xd3]<[0xc9]1R[0xdc][0xc4][0x1d][0xe8]v[0x8a][0xcc][0xf2]g#[0xb3]X[0xad]:[0x81][0xd3][0xea][0x6]:,[0x9d][0xdb][0xc6][0xea][0xf6]y[0xe]X[0x8d]V[0xd7][0xd4][0xcb][0xb6][0xcf][0xcb][0x8e]9[0xc5];P[0xa0][0xdf][\n]"
21:59:32.311 [main] DEBUG org.apache.http.wire - http-outgoing-0 << "[0xd3]|[0x15][0x11][0x8f]H4'[0xec]n[0xe8][0xc9]kP[0xf9]iG$7./.[0xb7] 9[0xf4]_[0x17][0x8f]p[0xbb]RP[0xae][0xd6][0xb6]*[0x91]rw[0x92][0xf8][0x1f]im[0xfb][0x5]4s[0xb]lr[0xc3][0x84]CK[0xf1]](8[0xe6][0xcd]-P[0xde][0xe9][0xea][0xa5]t[0x96]<[0x94]'[0xc7]<'[0x94][0x17] [0xf1][0xc8]X^[0xef][0xb4][0xe5][0x86][0x5][0xaf][0xca];[0x85][0xf4][0xf3]2[0xeb],[0xb1]*[0xbf][0xee]Mv[0xc1]r[0x95]2D[0xcf][0xa7]j[0x9f]B[0xed]S[0xfc])[0xf7])[0xbe][0x4][0xcb][0xdb][0xad][0xa6][0xa1][0x97]r[0xcc][0x1b][0xad][0x6]x[0x8b][0x9b]W[0xe6][0xed]nc+[0x9c][0xe3][0x98][0xe][0xad][0xde][0x9f][0x1d][0xce]O[0x92]2$[0x0][0xbc][0xb3][0x4][0xe7]h[0xbe]m[0x9]C[0x9][0x9c][0xdf]m[0x81]s[0x95]0[0x14][0x8b]'c[0x5][0xe6][\n]"
21:59:32.312 [main] DEBUG org.apache.http.wire - http-outgoing-0 << "[0xcc][0x15][0x98]w[0xcf]r[0xe]M[0xb5][0xad][0xd9][0xfc]u[0xc3]j[0xd3][0xe2][0xb2][0xb8]0o[0xd6][0xdb][0xcd]v[0xbb][0xc4][0xd2][0xb6][0xb0][0xec].M[0xff],;[0xe6]9[0xb1][0xfc]T[0x9]C[0x8c][0xe4][0xed][0xfc]&[0xb]>[0xed][0x8c][0xe4][7YT[0xba][0x90]Z[0x93]+[0xa1][0xaa]T7m[0x97][0x14][0xd7]?[0xc9][0xfe][0xca][0x96]t[0xa1]z[0xd3]l[0xea][0xe4]?^Dq[0xb3]Yg[0xad][0x96]b[0xd6]g[0x1e][0xa0][0xdb]][0x83][0x5][0xaf][0x8a]L[0xf3][0xc2]1[0xbc]hN[0x10]?I[0xba][0x90][0xd8][0x18][0xcf][0xbf][0xf0]l[0x90][0xc6]"
21:59:32.319 [main] DEBUG org.apache.http.wire - http-outgoing-0 << "[0xc1]Nkql[0x93]o{[0xe1][0xa9][0x92][0x85][0x14][0x82]+[0x4]W[0x8].D[0x9][0xf3][0xb][0xf1]-[0x8][0xde]0[0x9b][0xcd][0xb6]U[0xf2][0xae][0xd3][0xd0][0xb1]o[0x8e][0xff]m[0xc6][0xf0]N[0xd7][0xdc]a!.[0x8e]yf[0xc]?[0x8d][0xb9][0xb9][0xe0][0xe1][0x1d]1[H[0x4][0x94][0xd9]B[0x9c]"[0x90][0xd8]^[0xd3]V[0x19][0xec][0xf8]([0xbf][0x5]>P[0x3]J[0xad][0x18][0x13][0xab][0x16][0x94]cb[0xa3]g\S[0xe6]U[0x8b][0xbc][0x1f][0xe6][0xe8][0x83]z[0x8a][0xbc]&[0xb3][0xaa][0x13]U[0x9d]rd[0xe0][0xaa]M&[0x88]dm[\n]"
21:59:32.320 [main] DEBUG org.apache.http.wire - http-outgoing-0 << "[0x1a]8[0xb8][0xdb][0xcc][0xf1][0x6][0x97][0x1e][0x99][0x4][0xec]G)[0xf3];[0x88][0x1c][\n]"
21:59:32.320 [main] DEBUG org.apache.http.wire - http-outgoing-0 << "[0xd3]R[0x8a][0xb1][0xc4][0xfa][0xa6]$[0xf][0x9f][0x8d]2G[0x8e][\r][0xe];[0xd3][0xac][0xbf]w}[0x95][0xba]N2Kw[0xb][0xa7][0x1e][0xc1]9[0xdf][0xa3]_[0x9e][0xf9]"[0xb9][0xa8][0xb5][0xcf][0x89][0xbb]*e[0x81][0xc4][0xf6][0x1c][0xd9]B2oF[0xb0]{[0xc9][0xe2]Sz[0xa1][0xe6][0x99][0xcc]?[0xe0]Bg[0xda][0xf]v[0xbc]T[0x8b][0x15]F[0xfd]M[0xca][0x95]F[0x92][0x7][0xf2],> s[0x7][0xd2][0xb7]d[0x1a][0xe][0xe][0xad]^[0xb5][0xda][0x5][0xf][0xcf][0x2][0x1f][0x1a][0x19][0x17][0x11][0xa8][0xe2][0xa3]WI[\n]"
21:59:32.321 [main] DEBUG org.apache.http.wire - http-outgoing-0 << "[0x15]([0xf5]p[0x16][0x6][0x1d][0xbc]/S:[0x8a]?%[0xb6][0x8a][0xa2][0xf6]`[0x99][0x7]h"[0xab][0x83]$[0x9c]d[0xfe][0xf0]2i[0xc9][0xe2][0xf4][0xbc][0xc0]%[0x16][0x1d][0x8a][0x94][0xb][0xe6][0xb9][0xe7]{[0x7][0xd5]N[0x83]RB[0x8]WO[0xe6][0xcc],[0xd5][0xab][0x8f]a[0x2][0xae][0xa8]My[\r][0xcc][0x3]N[0xc].K[0xaf])[0xe3][0xb9][0x97]_[0xd8][0x92][0x19]2[0x9b]|[0xca][0xba][0xe5][0xc6][0x97][0x88][0x91]:L[0xd2][0xa8]e[0xfd]/[0xc]Kvw[0xa7][0xc]1N[0x17][0xc2][0xa8]/[0xf8][0xec]V[0xa2][0xf8][0xc9][0x93][0x19]][0xc5]V"3e[0x1a][0x91][0xb9][0xcc][0x80][0xb]dE[0x4][0xf]H[0x10][0x9][0x89][0x7]-[0xcd][0xe4][0xf3].[0xf0][0x89][0xaf][0x88];[0xe2][0xc4][0x1e][0x19]7[0xe9][0x18]i[\r]O[0xae][0xa2][0xce][0xc][0x8c]i;$[0x7]a[0xe2][0xa3][0xc3]<[0x94][0xeb][0x98][0x18]?'V[0xbc][0x11][0x12][0x1f][0x88][0x96]."[0xc][0x1c]\ [0x15][0xed][0xc0]Q\[0xa7][0xeb]#[0xed][0xd7][0x1c]K[0xbc]?Z`[0xc8][0xa1][0x9b][0x13][0xbb][0xe9][0x19][0xc6][0x9d]4[0xb7][0xb5]=j[0x89]9u[0xaf][0x86])[0x89][0x83]r[0xee][0x99][0x9b][0x7][0x3][0x15][0x98]?[0x11][0x99]2[0xee][0xc][0x8a][0xf3][0xe8][0x92]$[0xf3]G[0xe]M[0xcc][0xfe]b[0x1d][0x92]n$[0xf]Xr[0xde][0x1e]8H[0x98]#[0x90][0x19]!A[0x85]/]v"[0xd5][0x8c][0x80]F[0xd6][0x8e]rH[0x8][0x9b]d[0xe][0x10][0xec]V][0xb4][0xbe][0xcc][0xc0][0xa0][0x1a]%[0x8e][0xed][0xc9]5[0xe7][0xda][0xe1][0xc7]`[0x82][0xee][0xa6][0x84]*4[0x18]2[0xba]e[0xf6][0x90][0xf3][0x88][0xec][0x13][0xfa];[0xe7]Q[0xcb][0xa9][0x83]T[0x3]Q[0x8b][0xed][\r][0x81][0xe4]&[0x19][[0xa4][0x85][0xb8]d[0xf1]:wB[0x8f]QM[0xcb][0x95][0x98]K[\r]LR[0x8a]@[0xa2][0xac][0xc8]n[0x13][0x6][0xf3][0xe8]s[0x99][0xf2][0x92]4[0x89][0x88]"[0x87]D[0x9e]J[0x9f][0x15][0x8c]3[0xe4][0xcc][0x2]`r[0x82][0x1c][0xe2][0xd2]u!y1[0xbb][0xb4][0xfc][0xb8]H[0xc7][200[0x14][0xec][0xd1][0x88][0xb3][0x8]@?C[0xf6]*'A,[\r][0x97]}[0x1a][0xa5][0xbf]R[0x0]ME[0x2]cq9k[0x10][0x99]r[0x11][0xb9][0x1a]5Y[\r][0xce][0xeb]@[0xae][\r][0xdc][0x91]b[0x15][0x84]O[0xb9][0xd1]#"[0x95][0xf]![0xb6]o[0x17][0xd7]CC[0x88]/[0x9][0xed][0x81]nA$[0xe4]t[0xa1][0x9d][0xb2][0xc4][0xce]\[0xc3][0xbc][0xfb][0xdb][0xb9][0xc1]c[0xe][0xf3]Z&U[0x88][0x11]C[0xad][0xc1][0xe3][0xd1][0xa3][0x91][0x8e]P[0xd9][\r][0x12][0xe3][0x92]r]qB[0xd6]B=[0x8c]G[0x8a]%[0x92][0x84][0x10][0xf][0xb9][0x8f]2$,[0xa3])[0xbb][0x8e][0xb3][0xbc][0xe8].[0xb8]d[0xab][0x8b][0xc4][0xa6]$[0xe7][0x11]{[0xfc][0x98][0xd1][0xc8]'v[0xe9][0xba][0x93]Q[0x91][0x14][0x8f]f1L[0x9a][0x12][0xb2]h[0xa4][0xcb]q^[0x10]a[0x6][0xc2][0x8b][0xb6]I[0xcb][0x18]s\_[0x9b]"[0x91][0x90][0xb2]g)aO&79~[0x84][0xec]@[0xba][0xc1]a[0xd8]"[0x91][0x97]][0xb8]E[\n]"
21:59:32.322 [main] DEBUG org.apache.http.wire - http-outgoing-0 << "Z[0xda].[0xca][0xad][0x96]3+v[0xa2]9P[0xd2][0xd9][0xd3][0xc2]M[0xb9][0xd5]*[0xb7][0xda][0xf8]*[0x88][0xb3][0xa4]x[0xb1][0xcc]Pn[0xb5]rV[\r][0xe3]=g[0xd4][0x1e][0xe][0xa6][0xca][0xad][0x96][0x90][0x8b]n[0x7]7[0xfd]Kd[0x80][0xce] [0xd8]!R[0xd9]O[0xd7][0xe6][0xcb][0xe5][0x88][0xb2][0x91]B[0xff]N[0xc0][0xc0][0xe9][0xca][0xcd][0xca][0x90]e[0x6][0xef][0x16][0xc3][0xe9][0xab] [0xb8]s[0xf7][0xc5][0xec]]l7[0xaf]r[0xe1]E[0x81][0xe4][0x88][0xbc][0xdb]M[0x2][0xf]W-[0xf0][0xa6][0xd3]GC[0x88]n[0x88]{[0xb][0xac]7[0xc2][0xc5]0[0xae][0xe6]C[0xa5][0xc6][0x93]7}R[0x92] ![0x89][0xcc][0x95][0xf2][0xc0][0xe6][0x94][0xc5][0xac][0xc6][*[0x8c][0x13]K[0x1]][0xaf][0xe8]i[0x11][0xcf]x[0x1f]r[0xae]D[0xdb]=5wiD9([0xb2]2DK[0xe6][0x8c]d[0xf7],t[0xf]lPn[0xb5][0xca][0xad][0xf6][0xa6][0xff]^$r[0xb3][0x87][0xe9][0x9e]cm[0x97][0x1][0x9e][0xf]/[0xc6][0xb6][0x80]_[0x9a][0xe0][0xc7][0x9a][0xc5]e[0x11][0x95][[0xad]r[0xab][0xdd]S[0xa3]F[0xb9][0xd5]f[0xdb]`7[0x17][0xd8]L[0xc3][0xb6][0x9e][0xbc]?[0xe5]n|[0xfb]Hb([0xb7]Z[0xe5]V[0xeb][0x84][0xd9]2[0xaf][0x92][0xa9][0xa5]`;[0xb8][0x92][0xdb][0xe][0x86]d[0x8]6~[0xcf]='[0x84][0xc][0xb][0x84][0x9e][0xe][0x1c]p[0x11][0xa9][0x86]A[0x80]+[0x8c]+$[0x17][0xc5]7[0x9c]%e[0x97]l[0x1][0xb7][0xcf]8V[0x8e][0xb2][0xca]Q[0xf6][0xbf][0xd6]Q[0xf6][0x92]T[0xc2][0xde]:>^d[0xb9][0xb9][0xb9][0x91]#B\L&HT[0x9a][0xe1]@1[0xec][0xa1][0xdd][0xa5]}[0xf][0x91][0xb9][0x95][0xc3]k[0xb3][0xa7]x[0x1a]-|[0xd2]K[0xe3]C[0xf1][0xf0][0x8a][\n]"
21:59:32.322 [main] DEBUG org.apache.http.wire - http-outgoing-0 << "[0xba][0x85]xa[0x19][0xdc][0xaf][0x1c][0xce][0xde]g[0xf7]8[0xc4][0xbd][0x83]<[0x17][0x9d]p[0x1c][0xe1][0x1a][0xd8]Ku[0xac]6I[0xb2][0x1f]K[0xb8]FF<[0x8d]p[0xcd]r[0xf0][0x13][0x8][0xd7][0xe0][0xf5][0xb1]L[0x1c]0dY[0x1b][0x84]k[0x9e][0xae]{[0xaf][0x1b][0x97][0x9f]&$K_[0x10][0xae][0x11]q[0x94]pM[0xde][0x13]J[0xb9][0xa4][0xb2][0x2][0x5][0xdb][0xa3]*[0x97][0xd4]e[0xd3][0xde]?[0x1b][0xf9]t'[0xe1][0x1a][0xbd]S1[0x1a]=[0xd3][0xea]ZP[0xa5][0xe1][0xc][0xad]U[0xe1][0x9a]v%=[0xaa][0xde][0xe9][0x1a][0xac][0xc2]p|[0x97][0xd4]"
21:59:32.356 [main] DEBUG org.apache.http.wire - http-outgoing-0 << "v[0x13]6[0x84][0x6][0x99];[0x93][0x19][0xa9][0xfc][0xb4][0x3][0x8f][0xd3][0x4]B~[0xba][0xec][0xbd][0xd9][0x90]S[0x5][0xa4]T[0xc2]5[0xa9]{[0xb5]J[0xaa]RIU*[0xa9]j[0xbf][0xa4]*[0xab]e[0x99][0xed]vI[0x86]l[7K3[0xaa]R[0xc4][0x84][0xaf][0xb4]^j[0xc1][0x94]C[0xd5][0xf4][0x98]S[0x10]9[0x1]~+[0xba]5[0xab][0x80]xL[0xad][0x3][0x6][0xf2]d[0x8d]+[0x80]\[0xdf][0x1d][0xc8][0xcf][0xb7][0x0][0xb9][0xd2][0xad]QH[0xae][0x96][0xb6][0xee][0xa5][0xed][0x17]i[0x1d]t[0xf4][0x8e][0x1][0xbf][0xa5]bb[0x15][0xd2]c7#9[0xd6][0xbe]B[0xda]q5[0xad]*[0xbf]>[0x16][0xc7]<'[0x92][0x9f]P[0xb6][0x86][0xa0]\Oek[0xc4][0xa7][0x9d][0xa1][0xfc]b[0x93]l[\r][0xdd][0x82][0xb8][0xe2]J[0xb6]F%X[0xa9][0x4]+[0x95]`[0xb5][0x9a]`[0xb5]M[0xe9][0xc0]j[0xc3][0xe7][0xba][0xcc][0x8e][0xc9]0[0x1b]u[0xc3],[0xb1]c*[0xdb][0xc9][0xd8][0x8c][0xe6]b[0xb7][0xe3][0xd9][0xd1][0xfc]4[0xaa]5[0xbc]0_Bs[0x92][0xf6][0xd9][0x9a])+wX[0xb6][0xa1][0xb9]R[0xad]Q[0xaa]5[0xbc][0xf1]L.C[0xd8][0xc6][0x93][0xf2][0xbe][0xb7][0x8b][0xfd][0xd7][0xaa]J[0x19][0xf8][0xcf][0xa6][0xc]l[0xd6]uS'[0x7][0xbd][0xe2][0xb2][0xdc][0xe8][0x98]z[0xbb]T[0x80],[0xbf][0xc5][0xd2]X[0x93]+[0xbb]t[0xc][0xbb][0xef]='[0x94][0x9f]L[0xb4][0x86][0x81]<[0x15][0xad][0x11][0x9f]v[0x7][0xf2]M[0xca][0xc0][0xb4],W[0xa2]5jE[0xae]P\[0xad][0xc8]WW[0xe4][$[0xf][0xea]M[0xbd][0xc3]6[0xa8]E[0x10][0xaf][0x9b][0x1d][0x1d][[0xc0][0xab][0x9a]5y|[0x16]K[0xed][\r][0xcb]ql[0x93][0x1b][0x8c][0xf3][0xcf][0x89][0xe1][0xa7][0xd1][0xac]a[0xc8]&JL[0xf6][0xae][0x13][R[0xbb][0xae][0xc4][0xdf]o[0xd9]"W[0x9a]5[\n]"
21:59:32.357 [main] DEBUG org.apache.http.wire - http-outgoing-0 << "[0xc0][0x15][0x80]+[0x0][0xdf][0x1b][0xc0][0x1b][0xa6][0xd9][0x82]j[0xcd]*[0x80][0x3][0xd6][0x8d][0xe][0x10]j3[0x82][k[0xc]:[0xf2](/[0x8e]yf[0x4]?[0x8d]b[0x8d] [0xe0][0x1d]Q[0xb1]F[0x4],S[0xac][0x81][0x9f]0[0xbc]5[0xc9][0xe1][0x92][0xf4]3bR[0x98][0x99][0xc1][0x1c]9[0x8a]a2[0x9c][0xf8][0x2]C[0xbb]c[\n]"
21:59:32.357 [main] DEBUG org.apache.http.wire - http-outgoing-0 << "[0x19][0x1][0xf8][0xca][0x8e]8C[0x1f][0x82]4p[0xc7]E[0x96]{"{[0x3]q[0x92]\[0x12]>[0x12][0xe3][0xb4][0xc3][0x9][0x14].[0x10][0x90]T1H[0xbc]$[0xf7];[0x87]`[0x91][0xe]x-[0xa6][0x9]|[0x1f] [0xc]0`[0x1][0xf][0x91][0x84]?[0x80][0x10][0x7]K[0x8d][0x90][0xcc][0x5]K\$[0xca]7[0xf8]Z[0x88]d[0xd8]C[0xca]U[0xb][0xa0]k@^[0xa2]$[0x5]p[0x3][0xa9][0x92][0x11][0x4]bH+!/v#,)[0xd3]t[0xfc]_[0x1d]D[0x85][0xd6][0x86][0xed]A0[0x83]%[0x1a][0xe0][0x1][0x9][0xc5][0x10]r[0xb5]f[0x1f][0xd1][0x80][0x9a]#[0xc][0xee]9ff[[0x8a][0xb7]C,f[0xe0][0xf][0x9d][0xf]l[0xb5][0x8a][0x3][0xe9]*@[0x14]'[0x9b][[0x96][0x98]([0xf1]^[0xbd][0xb5][0xbd][0x19]h[0xb4][0xb7]P[0xc5][0x89][0xa1][0xf4][0x2][0xe9][0x4][0x19][0x8][0xe1]sQ[0xd0][0xa8][0xd0]h[0x8]Gi5K[0xdc][0xc2][0xdf]-[0xc0][0xb0][0x5][0xc3][0x9d].0[0xab][0x17][0x1a]1[0xf1][0x85][0xac]@@[0x8][0x9f][0xd8]7[0x15]S;[0xd3]gb[0xea][0x8a],V[0xf8]u[0x8f][0xa8][0x1e]c[0x97]T]X[0xd7]@ji[0xe4]T[0x1c][0x84][0xe5]t^[0x8c][0x85].[0xd3][0xf][0xfc][\n]"
21:59:32.358 [main] DEBUG org.apache.http.wire - http-outgoing-0 << "[0xd5][0xdc][0x9d]@[0x14][0x85][0xfa][0xbf][0xf]Z{[0x96]:U4)[0x87]r[0x7]EO[0xab][0x99][0xc6][0x97][0xc2][0x9][0x99][0xa5]9[0xf4]"[0xa8]]Yy[0x1][0x5][0xc1][0x96][0x14][0xa5]Ad[0x4][0x12]%[0xa4][0xc1]A[0x16][0xce][0xf8]RVG[0xfa]/[0xa3][0x17]\2[0x8b]e[0xdb]`:^\[0xa2]6[0x82][0xb8][0x8b]OY[0x97]4[0xaa]!XA[0xf2][0xf][0xf8][0x94][0xbf]8[0xe1][0xec]M}[0xc6][\n]"
21:59:32.358 [main] DEBUG org.apache.http.wire - http-outgoing-0 << "[0x15][0xb9]z[0xf4][0xa1][0x9f][0xd1][0xcd][0xf5][0xe0]/B[0xc4][0x2]2<[0xa4][0xef][0x0][0x17]hX[0xe8]R[0x8f]i[0x90] [0xc2][0x99]E[0x95][0x9b][0xa5][0x9e][[0xd1]1[0x82]3p[0xc9][0xa0][0xe4]Z[0xa6][0xde][0xa9][0x91][0x90][\r][0xa1]1?[0xb]H[0x9c][0x85][0x9a]P[0x94][0x18].[0xa2]xx[0x9b]x[0xac][0x92]PL2[0xdc]s[0xd7]F[0xb2][0x19][0xe4][0xdc]J34[0x86][0xa1][0xee]0[0xa0][0xf1][0xcc][0x2]D4dn[0x96][0xcd]k?p[0xe1]7[0xd2][0xa6][0xf5][0x83]([0x87]s[0xf2]"[0x9e]v[0xc2]tXT[0x2]^[0xaf][0xac][0xb6][0xa3][0xc9]$'[0xed][0xeb][0xba][0xde]f[0x17]SN[0xcb][0x87][0xd6][0x14]R}BHt[0x88]([0x9c][\r][0xa8]}[0xdd][0xd0][0xf5][0x17][0xa4][0x6][0x12]`Z[0xb2][0xdb],Y[0x9e][0xe]0[0xd9][0xee]2[0x83][0xd9][0xfe][0xf][0x8e]3[0xaf][0x9c]{P[0xbf][0x81][0xf9][0xb5][0x18][0xe0][0xd2][0xc8][0x18]u[0xe0][0xab][0x19]Bw[0xc8][0x87][0xf]u*[0xcd][0xc2]=[0x1e]xP[0xbc][0xc9][0xae][0x93][0xc2][0x93][0x8f]/[0xfd][0xf6][0x4][0xf5][0xac]`[0xe1][0xc9][0xce][0x1a][0xc1]A[0xe][0xea]Y,2[0x94][\n]"
21:59:32.358 [main] DEBUG org.apache.http.wire - http-outgoing-0 << "[0xc0][0x94][0xb4][0x1a][0xfb][0xdd].UG6[\r]7[0x1e][0xb4]O"lB[0xd2]L[0xc7],[0xf0][0x85][0xf7]p[0xa4]QK[0x89]kf[0x94]r}[0xba][0x95]Q[0x83][0xa3]:[0x1d][0x1d]c[0x4][0x7][0x8f][0x96][0xbc][0x85]}[0xed][0x6]F[0xc4]pdF[0xf5][0xa5][0xf5][0xec][0x9b][0x8b][0xf][0x1a]7|"S[0x92][0x8c]6[0xa1]uB[0x93][0xc2][0x11]?[0x89][0xa2]Ho[0x8][0x0]&O[0xcf][0xf][0xee]\p[0x80][0xf0][0x2][0x93]![0xde][0x18][0xfa][0x6]s][0x13])[0xde]r[0x0]`[0xac]O[0x10][0x9c].ET2s[0xef]-[0xb4][0x19]<[0xa9]G[0xd1][0x14][0x99][0x1d][0xa2][0x96]y[0xe8][0x93]-[0xc4]X[0x9a][0x13][0x7]J[0xc0]\\[0x5][0xc4]W[0x80]E4[0xc5][0x9f][0xb4];Xn'S9[0x13][0xf7][0x9][0x86]h [0xcd][0x1d][0xd3]Mal[0xc3][0x1b]|m[\r][0xd0][0xe8]hrL~H[0xb3][0xe4][0xef][0x19]Pd[0x11]}a[0xa4]}[0xc1]z68\T[0x2]7[0xa7][0x7][0x1b][0x18][0x1][0x18]A/[0x93][0x1e]U[0xc9][0xc8] [0xd5]4R[0xaa][0xca]_"[0xa9][0xd9][0xbc][0xd4]n[0xa6]X[0xc][0x85][0x1f]^fe[0xe6][0xd4][0xc9]D[0x9][0x89][0x14][0x8e]^5[0xcc][0xbc][0xfe][0xd9][0xcd][0xb7]0[0x82][0xc5][0xc0][0xd6][0xae][0xc9][0x89][0xdb][0xfb][0x90]+7_Nr[0xba][0x14][0xcc]au#8[0xc2]C[0xef][\r][0xbe][0xf3]0[0x86][0x17][0xb7]I[0xda][0xd9][0x8e][0x17]s[0x92][0xb1][0x11][0xa5][0xd2]P_R8[0xa2][0xa9][0x97][0xc0]7[0xce]Y[0xe0]&[0xe0][0xb1][0xc7][0xb8]t?[0xc6]|[0x17]Y[0xea]i=[0x8][0xa8][0xe1]F,[0x95]|[0xb2][0xf2][0xed]{t[0x5][0xdf][0x1][0x12][0x17][0xed][0x9c]"
21:59:32.363 [main] DEBUG org.apache.http.wire - http-outgoing-0 << ":[0x8f][0xb8][0xe9]@UH[0x8e]T[0xba][0xc7]&[0x87]A[0x16][0xf]"^kQ[0x16][0xf7]$Lii[0xc3][0xc][0x95])[0x82][0x11]%[0xc5]hh[0xb7][0x15][0xba]']A[0xa4][0xb][0x88]t[0xc5] [0x1f][0xf9]i[0xc]f}`A7 [\r]A[0xb7][0xd8][0x82]\[0x1c]r[0x8a][0xc5]Z"[0x19]L[0xc1][0xe0]#[0xe6][0xfa][0x7][0x98][0x94]{[0x0][0xc0][0xac][0x9f]y[0xe1][0xb0][0xb2]8[0xc0]8[0x92][0xe0][0x85]A[0xcd]N[0xd7]<[0xb2][0xe0]`[0x9][0xfc]"[0x89]![0x92][0xc7][0xca]][0xc2][0x9b][0x19]a[0x13][0x86]w[0xb2][0xb5][0xc1][0xcb][0xa5][0xeb][0xb9][0xe3][0xff][\r][0x8a][0xbc][0xc][0xd0][0xbf][0xe2][0x8e][0x8d][0xa5][0x8][0x16]T[0xde]bB[\n]"
21:59:32.363 [main] DEBUG org.apache.http.wire - http-outgoing-0 << "^[0xe9][0x5][0x8e][0xdc][0x88][0xba]![2T[0xb8][0xc7]hY[0x84][0x88]8[0xc]&[0xf2]t{![0xe8][0xc3][0xb1]s[0xcf]~B[0xcf][0xb3]|[0x12][[0xa1]S[0xd5]r]'[0xda]Z[0xca]g=8[0x9e]W[0x11][0xda]M$[0xd7][0x94]j.a"fbH[0x99][0xbe]Rn`[0x8b]07[0xdf][0x93][0xbc][0xdf][0x93][0xf6]#[0x94][0xd9][0xf0][0xd7]"[0xcc][0x8f][0xef]K[0xdb][0x87]2a0d|[0x12][0xf7]<[0xb1][0xe2]r[0xe8][0xb]L+R[0xa5]J[0x9][0xe3]X[0x6]J[0xc0][0x90]/[0xc2][0xc6]XF[0x8d][0x83][0xc7]J[0x14],[0xc2][0xa1]SA[0xa0][0xa8][0x8a][7 [0xc4][0xae][0x6][0xe1][0xa4][0x16][0xe3]F[0x85]k[0xcb][0xd3][0x13][0x97][0xfe]N[0xdb][0x9f][0xc2]&[0xff][0x94]H[0x93][0x12]iJ[0xc1][0xa4][0xb6][0x87][0xc][0x86][0xc8]t[0x96][0x89][0xce]4[0x9a]n[0xfa][0xaf]=[0x1e][0xc8][0xaf]0[0xb5][0xef]x}4t[0xe6][0xa7][0xd1][0xff]XS[0xd2]R5[\n]"
21:59:32.364 [main] DEBUG org.apache.http.wire - http-outgoing-0 << "[0xda]I'[0x10]i[0x90][0xb5]P"M3[0xe8][0x8c][0xb2]^[0x8e][0xe8][0x80]%[0xf5][0xa4]=[0xdb]}[0x8f][0x11][0xa8]D[0x9a][0x94]H[0x93][0x12]iZ[0x5]o%[0xd2][0x14]W[0x95]H[0x93][0x12]iR"Mx[0x4]YzBp[0xd6][0x89][0x1b][0xbd][0xc2][0xb3][0x13]mk[0xd4][0xb0]/[0x92][0xbb][0x93]'{![0xe9][0x9e]JN[0xc8][0x8d]t[0x91]I[0xb0]x[0xb7][0x2]xg,[0xaa][0xbd][0x11][0x9b]+[0xe7]r[0x8f][0x86][0x97][0xb][0xc5]]!w[0x94][0xd7][0x8b][0xfb][0x92]b[0xe4][0xe2][0xf4][0xcd][0x5][0x97]S[0xd8][0x5][0xfc][0xd2]Ky7[0xc][0xdd]y,[0xf7][0x5][0xb9][0x80]dG[0xf1]K#[0x97][0xc4][0xd4][0xe4][0xe3][0xf8][0xc1][0xa1]e[0xcc]TkXn[0xe0]d[0xf1]xC[0xa7][0x8a].[0xe2]K[0xc1]ce[0xb8][0xc0]n_([0xc5][0xe7][0xb3][0xe3]X[0x8c]>[0xaa][0xba]AM[0xfc]UK[0xf][0x15][0x8d][0xcc][0xaf]"[0xb2][0xc3][0xf9][0xd5]D[0x1a]6[0xdb][0xb5][0x10][0x9a][0xf6][0x1b][0xc2][0xa6][0x87]RX[0xe]}.d[0x96][0xe][0x94][0xb8][0xc9]i[0x95]+[0x91][0xa6][0x1b],[0x9d][0xb1][0xc1]B[0xcb]G[0xec]pc[0x9b]'[0xeb][0x88]}[0xf4]}&NL[0xec]6D[0x81][0x1a][0xf9]P[0xc8][0x6]a[0xa7][0xc6][0x19]B[0x1a]Z[0x1b]BM[0x88][0xed][0x1b][0xe0]]pX[0xf8][0xd1][0xd8][0xaf]$[0xe1]*[0xb9]p<[0x1a][0x12][0xb5]Py[0x19][0x7][0x16]1[0x93][0xda][0xa6][0xf2]282[0xf4]@[0xbf]P[0xbf]K[0x89]4y_[0x91][0xf6]Sql[0xbc][0xe3][0xd7][0x16][0x7]v[0x95]x[0xe7][0xc1]=[0xd4][0xa3][0xcd]w[0xf9][0xf0][0xad][0x1][0x87][0xf1][0x6][0x2]/>[0xe][0x1d][0xc5][0xb1][0x12]iR"MG[0x16]i2[0x1a]z[0xdb]2I}[0xe3]X"M2[0xe2]iD[0x9a][0x96][0x83][0x9f]@[0xa4][0x9]>#[0x92][0x9d]g[0xc8][0xb2]6[0x88]4=^[0xf5][0xce][0xeb][0x97][0x9f][0xde]<[0xe1][0x94][0x82]H[0x93][0x88][0xa3]D[0x9a][0x94]H[0x13][0x1e]U[0x16]q[0x80][0xd7]e[0xce][0xa8][0xa7]D[0x9a]0S[0xf8][0xa5][0xd4]![0xd9]A$[0x87][0xd0][0xdd]D[0x9a][0x9a],[0xd2][0xa4]w[0xeb][0xcd][0xae][0xd9]X+[0xd2][0x94][0x1c][0xd5]hI[0x9e][0xf4][0xf1]E[0x9a]Z[0xe0][0x1][0x2][0xf]%4[0xca]O[0xdb][0x89][0xcb]C[0xe3][0xaa][0xf7][0x9a]Pr[0x3]q[0x19]H[0xa9]D[0x9a][0x94][0xb4][0x87][0x92][0xf6][0xd8]?][0xf2][0x8f][0x4][0x88]_"[0xed][0x81]\[0xc1][0xe]e4[0x17][0xd3]O@j[0xb6]J-[0x93][0xf5][0x14]2a[0x99][0xcc][0xe9][0x81]%[0xe9]'[0xf9]c[0xac]S[0xa5][0x9f][0x0][0xfd]VT[0x9a]V[0x11][0xf1][0x88]*M[0x8c][0xdd][0xcd][0xc4]6Y~[0xda][0x19][0xc9]?n[0xb2]M[0xa6]z+[0x95]&[0x5][0xe5][\n]"
21:59:32.364 [main] DEBUG org.apache.http.wire - http-outgoing-0 << "[0xca][0x15][0x94][0x83]]s[0x1b][0xaf][0xe6][0xa1]l[0x95][0xf6]0[0xf5]:[$[0x17][0xa1][0xbc]e[0xb6][0xf5]R[0xe7][0xe4][0xc][0xca][0xe1][0x9c][0xcc]B[0xa6][0x9b][0xa0]<9[0xe6][0x14]y([0xeb][0xa0][0xfc]t2M[0x8c][0xde][0xf5]N~U^[0xc7][0xfd]n[:[0xa1]\[0x95]_[0xdc]mY[0x95]+[0x99]&[0x85][0xe5][\n]"
21:59:32.365 [main] DEBUG org.apache.http.wire - http-outgoing-0 << "[0xcb][0x15][0x96][0x1f][0x8a][0xe5]F[0xa3][0xde]l[0x94]([0xee]A[0xa2][0xc9]4[0x8d][0xe6][0x16]8ou[0x1b][0xad]mp[0x9e][0x1c][0xf3][0xec]p~[0x12][0x9d]&[0x1][0xe7]KK[0xf3]z}w8[0xdf][0xb6]4W:MJ[0xa7]I[0xe9]4[0x9d]u[0xd3][0x9b][0xba][0xfd]gs[0x6][0xf8][0x82]=[0x16][0xa3][0xdd][0x82]R[0x13][0xd0][0xa8][0xb8]07[0x1a]V[0xdb]h[0x97][0x8b]|[0xac]lLoZ[0x9a]'[0x9b][0xd7][0xcf][0x89][0xe5][0xa7][0x12]jj5Z[0x96][0xde]H<[\r][0xe4][0xa7][0x9d][0x90][0xfc][0xd3][0xe5][0xc3][0xd5]FO[0x3][0xda]d[0x1]][0xc1]2[0xab]B[0x94][0x5][0x89]^[0x8e]w[0xd6][0xf5][0x17][0x9e]G[0x8f]>HdB*[0xe7]Y[0xf7][0xf3][0x19][0x92][0xcb]\[0x1f][0xa3][0x1d]l9[0xca]x[0x8c]c[0xf9][0x98]`u:[0x86]Y[0xd0][0xe5][0xfe][0xa9][0xf9][0xcb][0xbf]_y[0xc3][0x8f][0x97][\r][0x98]*<][0x9e]CO[0x6]H#[0xc3][0xfb][0xcb][0xe2][0x8b][0x1a][0xfe]2[0xb2][0xaa][0xc2]M[0x0]Iv[0xa1][0x1c]Ul#[0xb4][0xa8][0x89][0xf0][0xb9][0xff][0x86][0xee]c[0x93]P[0x6]![0xb9][0x93]3z6[0xdb][0xbe][0x9a][0xca][0xd7]w[0xb3][0xad]K[0xfe][0xc8]q@[0xb9]\H[0x85]+[0xd6][0xb7]l[0x8e][0xa7]'[0xd6][0xd2][0xd3]P7[0xf1]7[0xf2][0x92][0xe][0x9][0x81][0xd3]>[0xd7][0x2]J[0x4][0xbd][0xa5]6![0x1d]<[0xf6]b[0xd9]/[0xd6][0x17][0xd9][0xb7]dWu<[0x19][0xbd]\[0xcc][0xc5]@[0xf0][0x12])w[0x1b]W[0x87]<.[0xa4]x[0x8b][0xcc][0xfd]=[0xaf][0x12][0xa7]R[0x84][0x9d][0xdf][0x3]f[0x95][0xd8][0xc3];;[0x17][0xfc]L[0xa4][0xae]}[0xae][0xcd][0x91][0xcd]i[0xf][0x9f][0xa8][0x87][0xc0][0x5]s[0x90][0xda]9[0xba][0x15][0xbf][0xed][0xd7]W[0x85][0x93][0x11]N[0xee]w[0xbc]G[0xff][0xe3][0x13][0x12][0xdb][0x9d][{[0x4][0xe2][0xd6]Yw[0xc])[0x3][0xe7]w[0xc8]h[0x4]H6*[0xdf][0x19][0xd9]"[0xb1]d[0xe9][0x1d][0xfc]"
21:59:32.368 [main] DEBUG org.apache.http.wire - http-outgoing-0 << "[0xaf]Db[0xc9][0xe8][0xb4][0xda][0xad][0xb5][0x9b][0xdc][0xed][0x9e]av[0xad]z[0xd7]j[0xaf]_J'[0xc7][0xd4]Y[0xc5][0xe3]9[0xe1]7[0xc3][0xb1]cop[0xe7][0xb0][0x97]^\[0x9a];a/[0xbf][0xaa][0xdc][0xe4]'#[0xb1]W[0xaa][0x8a][0xbc]<[0x93][0xd8][0xcb][0xc0]V[0x82][0xbc][0x85][0xf7][0xfe]8[0x8a]`[0xd0]0[0xdb][0x8d][0xa2][0xfc]j[0x82][0xbf][0xaf][0x9f][0xae]/[0xde]?^o[0xc7]_c-[0xfe][0x8a][0xf0]_[0x80][0xbf][0xab][0xb5][0xde][0x8c][0xc2][0xab][0xc7][0xef][0x85][0xc5]Er[0xc4][0xc1][0x88]\[0x1e][0xe8]Kp[0xb9][0x18][0xf1][0x8b][0xd0][0xb9][0x18][0xec]x[0x18][0xbd][0x12][0xf9]K[0x91][0xba][0x18]p_[0xbc].[0x9e][0xbf]?j[0x17]#[0x1c][0x7][0xbb][0x8b]Q[0x9f][0x19][0xc1];u[0xb3]Uf@[0x80][0xb7][0x94][0x86]I?[0x94][0x88],[0xe5][0xde]AZ[0xeb][0xa4]NW[0x8e]yf[0x8]?[0x8d][0xc8][0x92] [0xd0][0x1d]QdI[0x4][0x94]"K[0xc8][0x84]%u[0x4][0x8][0x2]=[0xb8][0xa4][0x9e]4e[0x5][0x19][0x8f][0x94]A[\n]"
21:59:32.369 [main] DEBUG org.apache.http.wire - http-outgoing-0 << "rH[0xac]I[0xc2][0xec][0xeb][0xc5][0xc][0x87]P[0xd6]'<h[0x85][0xf0]A"[0x84][0x81]E[0x6][0x88][0xd8][0x9e][0xe3][0xbb]8FJ[0x19][0x90][0xc][0x0]$@[0xa4]FK7I[0xe][0xd0][0xb4]J"[0xe8][0xa3]5Z[0xda][0xd7]t*[0xab][0x1b]9[0xe1][0xb]:[0x86]~OCYU[0xc3]X=[0x84][0xe][0xdb][0xa2]=Du[0x1e]N[0xa1][0x3][0x0][0xf1]#[0x91][0xea][0x9c][0x93][0x15]Z[0xa7]*D[0xd2][0x4][0xfd][0x85]O[0xaa]![0xd0],x[0x8b][0xb3][0xe7][0xf1][0xb7][0xe][0xae][0xc2][0x85]q|^[0x86][0x87][0x92][0xff]![0xee][0x84][0x94][0xe9]H[0xeb][0x8b]?H[0xc7]@T[0x1f]2[0x16][0xee][0xf8][0xa9][0xff]R[0xeb]C[0xd1]`[0xe6]B[0x1e][0x84].1[0xfd][0x96]>[0xf4][0xdd][0x89][0xf])[0x8f][0xbe][0x16][0xcc]Y[0x80]*'h[0x91][0xf5][0xb]]BZ[0x19][\r]jO[0xa8][\r][0x9a][0x94][0xea]&UX[0xa0]t[0x80][0x87][0x1e]H[0xc9][0x8]M[0x1a][0x88] [0xb8]R[0x87] [0xed][0x17][0x12]}B?Cv[0x84]z[0xf5]!d[0x1d][0x91]%u[0x89][0x15][0x19][0xa0][0xe4][0xdc][0x7][0xa8][0x15][0xb0][0xcc][0xc1][0x0]:.$[0xde]A"[0xb]b[0xac][0xa0][0x99]Hy[0xc1][0x99][0x84][0xc1][0xc2][0x1f][0xf5][0xf9][0x2][0xfb][0x15]?@n[0xc1][0xc][0xe3][0xaa]/[0x1a]b[0xec][0xd9][0x13][0xd6]FA[0x15][0x9e][0xc4]` [0x89][0xf][0xdb]#)[0x94]'[0xa1][0x99]Ev[0xc9]$[0xf5][0xc4][0x12]+|[0xc5][0xa4][0xa4][0x94]\[0x6][0xb]qH-[0x85]k[0xd1]T[0xfd]\[-W[0x82][0xeb][0xb]z9e4P${.DuHBIj/![0xb][0x2][0x92]RPu`%[0xa7]B[a[0x2][0xc8][0xcb][0x14][\n]"
21:59:32.370 [main] DEBUG org.apache.http.wire - http-outgoing-0 << "![0xf9][0xb]B[0x0][0x4][0x7]e[0x8d][0x96][0xd0][0x98][0x4]t[0x95][0xac]b[0x81]+O[0xe4]LHE[0x4]1H[0xbb][0x85][0x4][0xb8][0xa8][0xbd][0xf3][0xd3][0x83][0xb5][0xbc]d[0xf5][0x1e]H[0xda][0xeb][0xc1]~[0x92]%B[0xe4][0x4]y[0x8][0xa2][0xd1][0x92][0xd3][0xd3][0xcb][0xac],Ix[0x88][0x12][0xc5][0xc4][0x1d][0x9][0xb5]"[0xa1][0x14]&[0xe5][0x9f][0x84][0x8][0x8]w[0xdb]0[0x8])[0xd5][0xc3]{[0x12][0x81][0x85]`[0x8f][0xd6][0xff][0xcc]2!][0x8d][0x9e][0x97][0x87]p[0x94][0x90][0x9a][0xa1][0xda]B[0x99][0x8]R[0x18]1t/\[0xce][0xdf][0x81][0xd6]Y[0xae][0x16]49[0x84]r[0x93]P[0x9a]Y[0x9a][0x3]y[0x85][0xa4][0x9c][0xf6]P[0xee][0xf4][0xa4])d[0xdb]a8[0xc7][0xc1]0[0xf0][0x92]F[0x84][0xca][0xd9]|[0x8e][0xa1][0x9]-[0xa8]9[0xa9][0x81]d[0x8a]![0x1a]<[0xb3][0xbd][0xbc]DO[0xd2][0xec][0xa9][0xfa][0x13][0xc9]*Q[0x9a][0x1][0x86][0xe]][0x6][0xf5]}?[0x95]=[0xe9][0xca][0xc1][0x88][0xbe][0x1b][0xbb][0x8f][0x90]G[0x81]DS[0x18][0x8][0xd1][0x1d][0x1e][0xcd]I[0xc5][0x1a][0xcd]\m[0xaf][0x81]aS{[0xe1][0xe5];[0x91]"[0x88]L[0xcd][0xfc]|=[0x97][0xa3]y[0xe4][0xe0]w[0xca][0xa0][0x81][0xa4]Wv i[0xc5]$[0x5][0xa4][0xb0][0xe8][0xd8]![0xe4][0xa2]HD[0xcc][0x96]C[0x10]88[0xc1][0xcc][0xa0][0xb6][0xc1][0xc3]X[0xae][0x1e][0x99][0xfc][0x9c][0xcc][0xee]B[0xf3]`K[0x1][0xe8]K[0x9a]1z[0xd5]jn[0xd6][0x8a][0xf9].[0x80][0xb0]C[0xd2]0o[0xde][0xde][0xd7]1[0xd0][0xe2][0x87] [0xbc][0xa3][0xa1]>[0xbc][0xcb][0xcd][0xa5]k[0xe8][0x8c]![\r][0xc8]F[0x85][0xa3]'[0xa8][0xf][0xcd]R)[0x1e]V?[0x81][0xe2][0x9]f[0xc]fV[0xdf][0xb][0x86][0xb6]7[0x85]\\[0x1f][0xf5][0x8d][0x2][0xef][0x9e][0xf5][0xe8][0xc4][0x18][0xc3][0x8]B!M[0xcd][0x1e]a[0xc7]%[0xc2]9y[0x99][0xa0][0x7][0xd2][0xbb]"[0xd5]4[0x1a]dT}9P[0xe8]O[0xd9]F"[\n]"
21:59:32.370 [main] DEBUG org.apache.http.wire - http-outgoing-0 << "[0xe6]+[0xf5][0xe1]C[0x8][0x9]![0xc4][0x13]U}[0x9][0xfc][0x15][0x1a]z[0xf4][6[0xc6][0xf2][0x1][0x5][0xcc]-8[0xbb]I[0xd3][0xec]1n)Z3S[0xb8][0xd2]0[0x93]xf[0xa4] Q[0x90][0xc3]#[0xc1]$[0xba][0x80][0xba][0x8][0x80]B[0xa4][0x9e][0x16]0[0x16][0x95][0x1c]`w[0xa3][0xa4][0xd2][0x8c]~[0xa4][0xbf]Eb:[0x18][0x1][0xa4]Yc[0xe3][0x16][0xe3][0xb0][0xc4][0x82][0xc6]*[0x83][0xb9].[0xcd]7[0x9])F[0x89][0xae][0xe4]3[0x5]n[0xc9]y[0x9b][0x8e][0x9b][0x81]K3QjL=$[0xea]IcB^[0xdc][0x1f]H[0xb6][0xcc][0xd6]n%H[0xde]B[0xc8],[0xfd]P[0xc1][0x99][0xb7][0x98][0xcc][0x84][0x2]A[0xf8][0xf4][0x12]*nP[0xed][0x19]Q[0xfd][0x12][0xbd][0x1a]jK[0xd1][0xdd]/[0x81][0xc7][0xd4][0xc2]P[0xf1][0xa2]{F[0xb0][0x98]L[0xc5][0xbd][0x3][0xe2]Z[0x84]yi[0x18][0x88]Q[0xa1][0xc3][0xa7][0xf2][0xe2][0x9c]G[0xa4][0x90][0xb1][0xd8]b~[0xf6][0xf8][0xda]{[0xdf]}[0x94][0x91]#[0xed]k[0xec]2^[0xbf]{[0xa9][0xfd]H[0xae]G/[0x96]G[0x5]o[0xc][0xa0]}i[0x89]L[0xb7][0x18][0xd1]f[0xa4][0xe4][0x97][0x85][0xd6][0xc6][0xa4][0xf8]H[0xe2]DB[0xef][0x8b][dYh[0xe9]W[0x92][0xc][0x8a][0xe2][0x11][0x89]kQ[0xe0]O[0xc8][0x95][0x9]Y<Quq[0x8b][0xc9][0xb5]>P^[0x1b],&[0x9][0xaa]'ES[0x93][0x84][0x8e]8[0x87]U[0xfa]XM[0x8][0x99]G[0xd4]n[0xce]x[0x8c][0xc6]L/[0xf5][0x9f]\[0x91][0x87][0xda][0xf2][0xa6][0xff][0xca][0xb]"Gd[0x10][0xfe][0xec]D[0x90][0x5][0x8c][0x9c]=[0x85]>0[0x97][0xf9][0xb4][0x9a][0x94]+([0x89]X[0xa5]GdY[0x1e][0xcb][0x8b][0x1c][0xab][0xa8][0xa5]`[0xb9]R[0x96]4m[0xf6][0xbc][0x9e]=[0x84]K[0x94]tNUI[0xe7][0xc4]U$[0xe1]^A[0xb0]TI[0xe7][0xdc][0xf4]/[0xed]Gw[0xe6]~[0x92][0x88]r[0xba][0x99][0xb7]\[0x8e][0x80][0x96]$[0x93]X[0xa0][0xd9][0x9][0xcb][0x96][0xb9][0xc6][0xa2][0x1c]"
21:59:32.372 [main] DEBUG org.apache.http.wire - http-outgoing-0 << "Q6r[0x8d][0xa5]H[0xc1][0xe9][0xca][0xcd][0xca][0x90]e[0x6][0xef][0x16][0xc3][0xa9]Py[0xd8][0xb3]T[0x16][0xeb][0xac]9[0xd0]D[0xac][0xb2][0xa0][0x83]H[0xe8]e[0x0][0xfd][0xea][0x1e]wO[0x8])W[0xaf]r[0xe1]E[0x81]?[0xe3][0xee][0xb6][0x1b]r[0xeb]U[0x13]:[0x85][0xb5]L[0xd2][0xa6]x[0x93][0xc8][0x87][0xca][0xe1][0xf6];[0xac]@~p[0x9e]"[0xa8][0x18]bBa[0x85][0x16][0xed]ya[0x9]x+[0xe9][0x1c]%[0x9d][0x93]<[0x90][0x89][0xc1][0xfb][0xde][0xa7]uh/xe[0xcf][0xa1][0x84][0xec][0x88]l[0xf3]=G[0xd7].[0xd3][0xa6][0xb4][0x9c][0xa4][\n]"
21:59:32.373 [main] DEBUG org.apache.http.wire - http-outgoing-0 << "wx[0xc0][0xf0][0xa5]F[0xcb]I[0xca][0xce][0x17][0xb0]T(O[0xf3][0xd3][0x15][0xc9][0xe1]E[0x81][0xc9]br[0x18][0x1f]k[0x16][0x97]ELA[0x83][0xb]=X[0xe6]D[0x9][0x99]@[0x0]&[0x83][0xe9][0xf4][0xaf][\n]"
21:59:32.373 [main] DEBUG org.apache.http.wire - http-outgoing-0 << "m[0xbd][0x89][0xfb][0x81][0xdc]![0xad]@[0xc5]zx[0xc7][0xad]M[0xa2]#[0x89][0xe][0xcd][0x81]"[0x10][0xa4]8"evx[0x87]L[0x9][0x99][0xc8][0xd6]VB&[0xac]8[0xb2]46[0xa0][0x1]w[0x4][0x91][0x9b]?[0x84][0x90][0xc9][0xd9]1[0x98][0x0][0x86]^[0xaf][0xd7][0x1b]&9[0x9e][0x1e]K[0xd5]BF<[0x8d][0xaa][0xc5]r[0xf0][0x13][0xa8]Z@[0xda]<a[0x1f][0xc8][0xb2]6[0xa8]Z<\][0xfc][0xa4][0x83][0x8]A[0x4][0xae][0x82][0xaa][0x85][0x88][0xa3]T-[0x94][0xaa][0x85]R[0xb5]H[0xd4]<[0x14];"[0xe3][0xb7][0xed][0xa6]jQ[0xaf][0xe8][0x82]s[0x6]U[0xb]N[0xac]N[0x95][0xe4]o[0xed][0x18]<QS7`[0xd8][0x9d][0x1c]UotMf[0xaf][0x1d]_[0xd5][0xa2][0xd9]j[0x99][0x8d]f[0x92]?'?m[0xa7][0x8a][0xfd][0xdd][0xba][0xfa][0xf4][0xc6][0xb8][0xfa][0xb8])[0xe]H[0xa9]T-T[0xfa][0x9c]J[0x9f][0xdb]N[0xf8]^[0xa5]eA[0x1f][0x8][0xf3]}wRn1[0xc2][0xff]/[0xe8]b[0xdb]R[0xa1][0x91]$[0xd7]i[0xb4]J[0x18][0xbf][0xa6]aZF)[,[0x85][0xcc][0xf6][0xfa][0xdc][0xb9][0xfc]1[0xc][0xab][0xa7]`[0x8b][0x1][0xfd]VT-V[0x11][0xf1][0x18]K}qS[0xa8]1v[0xb7][r[0x91]+?[0xed][0x8a][0xe4][0xd7][0x17][0xc3][\r][0x99][0xd0]To[0xa5]j[0xa1][0xa0]\A[0xb9][0x82][0xf2]5[0xb9][0x1b][[0xa1][0xbc][0xa5][0xeb][0x8d][0x16][0x92][0x10][0x8a][0xc9]s[0x8d][0x86][0xd5][0xa9]C[0xb8][0xa8][0x84][0xf9][0x9b][0xe0]t[0xc3]X[0x9f][0xbc][0x91]?[0x86][0xa5]/[0x9e][0x13][0xcb]O'k[0xc1][0xf0][0xdd]X[0x2][0xf3][0x6][0x92][0xc5][0xb7][0xc9]Z[0xc8]eyo'0[0xcf][0x12][0xb8]U[0x1a][0x7]g[0xee][0x15][0xd6]P[0x18]L*[0x8d][0xc3][0x95]Y6"[0xb5][0x11][0xd4][0xdc][0xd5]][0xf][0x95][0xc6][0x11][0xcf][0xc9]t}[0xa7]\[0xea]?[0xc8][0xba][0xbc][0xdd][0xae][0xb7]K[0xd6][0xe5][0xad]f[0xc7]hZ[0xd6]F4[0xa7][0xcd][0x8c]u[0xaa][0x16]+[0x1b][0x1e][0xcf][0x8e][0xe6]'Q[0xb5][0x10]hN{[0xf1][0x94][0xfd]&?[0xed][0x8e][0xe6][0x93]-Ks[0xa5]j[0xa1]T-[0x94][0xaa][0x85]R[0xb5]8Hn[0xce]h4u[0xdd]*[0xc1]r[0xb3][0xd3][0xc1]"[0xb4]\[0xd5]b[0x5][0xa7]KT-V[0x8e]yN,?[0x95][0xaa][0x5]a7R[0x15]sH[0x8e]O;"[0xb9]y[0xb9]1[0xb3][0x9a]6Y[0x94][0xaa][0x5][0xaf]3[0xc1][0xdf]O[0xf5]:[0xf6]Z[0x82][0xa7]'*U[0x8b]-[0x1a]?YKE_[0x9a]+[0x9d][0x85][0xda][0xf7]=`v[0xe6][0xfe][0xf9][0xd1][0xd9][0xb9][0xc7]YR[0xe7][0xeb][0xb2]$[0x89][0x81][0xb9]~JU[0xb][0xb3][0xde][0xb6]:[0xa4][0xeb]Y[0xdc][0x18]1[0x9a][0x10])[0x6][0xb6]l[0xda][0x18]it[\r]V[0xac][0xd8][0x0][0xbf][\r][0x1c][0xc3][0xf2][0xce][0xcf][0x9][0xbf]'Q[0xb5][0x10][[0xda][0xd6][0xd2][0x6]7[0x1e]5v[0xdb][0x13][0xb9][0xbe][0xb8][0xdc][0xb2][0x8a]F[0x9d][0x95][0xaa][0x5][
[...]
21:59:32.470 [main] DEBUG org.apache.http.wire - http-outgoing-0 << "[0xaf][0xd6][0x8a]JH[0x9e][0xff][0xb4]6[0xff]_[0x84][0xfa][0xf6][0x6][0xfa][0x8c]N[0xc7][0xd2]%&l[0xb6]k[0xe3]W[0x89][0xc][0x91][0x3][0xa5]Ipj[0x14][0xb9][0xf7]d[0xda]Xu[0xc5][0xf9][0x0]}[0xcd][0x2][0x18][0xac]2[0xca][0x7][0x94]6ZY[0xcc][0xc6]VI[0xcc][0xbe][0xef]s[0xcf][0x12]Q|:;XE[0xcd]t[0x9b]0[0x8e]\^[0xaf][0x6],[0xaf]e[0xfb][0xab][0xa4]b{*[0xf1][0xe7][0xef]*[0x2][0x12]Yv[0x97][0x82][0x81][0xf7][0x16][0x8b])[0xd4][0xc1][0x94]S[0xd5],C[0xcd][0xb4][0x90][0xc4][0x89][0x14][0x9f]-j[0xc6]j[0x83][0xb0])DlLm[][0xbb][0x88][0x99]I[0xa7][0xbf][0xed][0xae][0xce][0xdc]Mj`f[0xf2][0x88]][0x7]'[0xa3][0xb7][0x90][0xe3][0x83][0xe1][0xb3]I-[0x82][0x9f][0xd8]*[0x81][0xd6]v[0xef][0xf8]_Puf[0xb3]}8Z#0HSl[0xc5][0xc6][0xa8]*[0xd3][0xc4][0xa9]_[0x6]*U[0x93]2[0xbe]J[0xc5]T[0xbe][0x19]2[0xbd]<[0x1b][0xd3][0x86][0xb5][0xb1])[0x9b]lC,%[0x85]n[0x90][0xea][0xed]s[0x12]x[0xda][0xc5]V[0x99][0x99]6F[0xfd][0xd0][0xbd][0x85][0x88][0xd5][0xd2]0<[0x96][[0x1d][\r][0xc3][0xfb][0x93][0xd2]0H[0x90][0x11]U[0x9c])[0xa3][0x4][0xf4][0x0][0xd5][0xcc]$[0x8e][0x80][0x17][0x4]%wKV;[0xd7]G[0xd1][0xdf][0xb4]Z$[0x99]W[0xa2]D$[0xa5]?[0xa3][0xcc]j8[0x6]K3[0xb]C[0x96][0xa2][0xf3][0x9a][0xf1]: Nn[0x3]V[\r][0x9a][0x97]([0xe6][0x5]#[0xfd]i[0xca]Zd[0x1c]:[0xf9][0x1e] wX{[0xb0],[0xa8][0xfb]x[0xfa][0xee][0xb6]En[0x9c]D[0xed][0xe5]*[0xb0][0xfe]3[0xe3][0xd7])[0xd2]Zh[0xa7][0xeb][0x10][0x15]R[0xbd][0xc9][0x1c] [0xad][0x87]r[0x91][0xa6][0xf4]Sng[0xc6][0xd7]\[0xb1]l[0x9d]7[0xa8][0xaa][0x8d]J[0xd6][0xef]R~[0xe8]Jc[0x2][0xe3]aY[0xbe][0xe5][0xe3]_+[0xf][0xa5]0)#f[0x88][0xb2][0xaf]-[0xed][0xce][0x8b][0xe6]8[0x5]6`~[0xf5]P[0xa4]s[0xd4][0xed][0x82][0xb0][0xf2]=[0xfc][0x19]O}[0xf1]r[0xb4][0x8a][0xba][0xda][0xf1][0x8a]W[0xf1]~[0x85]r[0xbe][0x95][0x90]/[0xa6][0xdd]j[0xe9]6[0xe9]0*"_D[0x87][0xb5][0x90]/[0x9b]}WO[0xbe][0xb4][0x8e][0x92][0xc9][0x8f]8R1[0xf9]r[0x8a][0xb2]k[0xff][0xba][0xeb][0x1f]3![0xca]&[0xf9][0xc2]{)A[0xbe][0xe8]G[0xbc][0xe9]>[0xee]E[0x88]P[0xc5][0xbc]L[0x89][0xb7]I[0xc9]~[0xb8]~0[0x91][0xf4][0xa6]e|[0x95]x[0xbb]`J[0xf2]-[0x8b][0xb7]Ke[0x9a][0x18][\r][0x13][0xd6][0x97]&[0xd2]LD0O[0x9a]i[0x82]V[0xc6][0xb9][0xde][0xe9]Z-Qu[0xa1][0x86]L[0x13][0xd3][0xd2]Q[0xd2];Y[0xb9][0xf1][0xad][0x12]+[0xb7][0x87][0xde][0xe3]k[0xa7][0xbf]Q[0xa8]&[0x89][0xb3][0x1][0x9a][0x9e][0xc8][0x8d]([0x98][0xca][0x98][0xcc]l[0xa2][0xc]T$)[0x97][0x8c]/}[0x19][0xeb][0x16][0x5]SeMr[0xbe]e[0x98][0xda][0x11][0xb][0xdb][0xcb]][0xe8][0xb6][0xde][0x91][0xe5][0x98][0x18][0xb6]^[0x90]c[0x92]A2[0xa3]([0xc7]$[0x8b]v[0xcc]'[0xa7][0x86]P[0x18][0xb0])%/r8U%ya[0xa2][0xc0][0x8e][0x9b]J[0x94][0xf9]V9P}o[0xa3]0o&}/[0xb][0xaa][0x8a][0xbc]P[0xe4][0x85][\n]"
21:59:32.471 [main] DEBUG org.apache.http.wire - http-outgoing-0 << "[0x85][0x89][0xca]o*[0x14][0xf6][0x14][0xf2][0xc2]m[0x1b][0xba]L[0x8e]l[0xdb][0x86][0xdc][0xb4][0xc]`l[0xb2]$g[0x10][0xce]E[0x85]x3mx[0xe6][0xc9]3[0x0]v[\r][0xdc][0x85]i9[0x96]m[0xad]g[0xc0][0xb4]U[0xe][0xac]/[0x1e][0xfb][0xc7][0xbd][0x2][0xb0][0x6]u[0xa1][0xd2]H[0x14][0xd5][0xac][0x88][0x8b][0x85]".[0xba]/6[0xa9][0xe6][0xf2][0xc4][0x5][0xea][0xa7][0x83][0xa2][0x90][0x90][0xce][0x86][0x1]+J)u[0xc1]Q[0xd9][0xee]ZD<[0x17][0xa4]sg[0xda][0xd4][0xa6][0x13][0xca]O[0xb5][0x13]@[0xac][0x96][0xb7][0xe0]q[0xd0][0xea]x[0xb][0xde]_[0x11]o[0xf1][0xf6][0xf4][0xcd]I[0xff][0xe3]I[0xa6][0xb0][0xd5]?n[0xc2][0xf8]z[0x10][0xad]([0xc]Oa[0xfc][0x8f][0xc3]kxL[0xa1][0xec][0xd5]`[0x15]LG17[0xf9]"[0xcf][0xab][0xc5]*[0xbe][0xf6]cf[0xed][0xb5][0x80][0xd9][0x6]l[0xa9][0xfe]Z[0xf1][0xd4][0x9][0x9e]T[0x91][0xa1]'N@~[0xa0][0x87]7[0xef][0xce]~e[0x1d][0xac][0xcd][0xb3]*[0xb][0xdd][0x1b]NG'{[0xe5][0xca]B[0xf7][0xac][0xc3][0x9a]B[0xf7][0xd9][0xbe][0xeb][0x8][0xdd]'*3[0xe4][0xd8][0xd2]Y[0xec][\n]"
21:59:32.471 [main] DEBUG org.apache.http.wire - http-outgoing-0 << "[0xdd][0xf7][0xce]/[0x1c]h[0x16]d[0xa1]{[0xea][0xa5]D[0xe8][0x1e]<^[0x8b][0xf9]^[0xed][0x8b][0xdd]oK[0xb3][0x94]`X[0x9][0x86][0xcf][0x81][0x19]~[0xd4]T[0xde][0x0]\[0x18]Sj[0x15][0xf8]G0\[0x92][0x1b]0L[0xca][0x88][0xb0][0xc1][\r][0xb0][0xa5]W[0x1]7@[0xad][0xb0]@[0xb3][0x85][0xb8][0xac][0xe]n@G[0xf1][0x99][0xd4][0x85][0xca]d[[0xa5]VF[0xc7][0xef][0xed][0xde]c[0xd6][0x85]j[0x1d][0xc6][0x12][0xfe]S[0xca] E[0xa9]p[0x95][0xa6]K-[0x8d]6[0x97]F[0xfb][0x98][0x7][0xd7][0xb0],[0x3]6([[0x12]\[0xbd][0xc0][0xbb][0xd9]hp[0x94][0xb4][0xf5][0xae]U$[0xc1][0xcd][0xb4]qXbE-a,=[0xc3];d0[0xb0]R[0xd6]A[0xb7][0xdb][0xfa]:[0x90][0xc5][0xb6]J[0xc2][0xb5][0xd5]+[0x8]d[0xe9][0x8d]0[0xbe]W`[0xad][0xc0]Z[0x81][0xb5][0x2][0xeb]|[0x1c]k[0x1f]\[0xb7]u[0xd7]v%[0xb2][S[0xd7][0xe5]V[0xfb][0x9][0x14]cRk0[0x3]V[0x89][0x15]a[0xa6]Mm[0x1e](X[0xa1]o[0xc0][0xb5][0xc0][0xc0]J[0xc1][0xda][0x0]W[0xee][0xa4][0xac][0x3][0xdb]*[0x5][0xd6][0xe7][0xaf][0xef][0xfb][0xc7][0x17]R[0xd6][0x81][0xd9]W)[0xd6]A[0xb1][0xe][0x8a]uP[0xac][0x3]\[0xa9][0xe]f[0x1d]\[0xdd]r[0x9][0x8e][0xb6][0xe6][0xd9]n[n^[0x5]P[0xb6][0xcf][\r][0x83][0x94][0x8a][0x85][0x1e][0xb2][0x99]6[0xdc][0xf][0xe2][0x19][0xe6][0xd9]u[0x91][0xe][0x14][0xc0][0xad][0x92]t[0xa0][0xfe][0x8a]H[0x7]*[0xe9][0xf1][0x8e]|[0x94]>[0x86][0xab]h[0x8][0xc3][0xa7][0xb4][0x9a][0xc7][0x16]s[0xf0]3[0xe8][0x5]0[0x7][0xcc][0xd8][\n]"
21:59:32.472 [main] DEBUG org.apache.http.wire - http-outgoing-0 << "I[0x1]>[0xa5]7[0xc4][0xa8]X[0xa9][0x8d]#T[0xdb][0xc8][0xf2][0x8][0xa8]l[0x12][0xa2][0xec][0x1d][0x9c][0xa6][0x18]Q[0x81][0xe2]$[0xfe][0x82][0x91][\r][0x1f]N^[0x1f][0xf7]N[0xb2][0x16]Q[0xd7][0xde][0x92][0x92])[0xa8][0x94][0x8]L[0xa0][0xd0]9U[0xff][0xf0]F[0xbc]O[0xee][0xe7][0xc4][0xf][0x82]$[0x84][0xcd]C[0x88]Z[0x1e][0x9b][0x1e]R[0xd5]$[0x1f][0x98][0xad]V[0xc7][0xa9]2[0xf9][0x80]wX[0xf][0x83][0xb1][0xd1]w[0xf5][0xc][0x86][0x93][0xd6][0xd1]@[0x95]L[0xba],;[0x18][0x8c][0x7]$[0x1f]8[0xfd]sI[0xf2][0x1][0xef][0xa5][0x1c][0x83][0xc1][0xdb]*[0x6]"
21:59:32.474 [main] DEBUG org.apache.http.wire - http-outgoing-0 << "C[0xa5][0xd0][0xab][0xda][0x99][0xfb][0xcb][0x84][0xfe][0x9d][0x12]2[0xf7]3[0x18][0xe]Bn[\r][0x3][0xd9][\r][0xe][0xca]][\n]"
21:59:32.476 [main] DEBUG org.apache.http.wire - http-outgoing-0 << "[0x9][0xc2]6[0x83][0x91][0xb6]ju1mp[0x18][0xcf]Q[0x3][0x83]a[0x18]N{[0xed]"[0xc2][0xb7]J[0xac][0xb2][0xee][0xc1][0xf3]Zr[0x17][0x11]@[0x9f][0xca]n[0x80]s[0xc8]:g[0xe3]I[0x8e]!*[0xbb][0x1][0xf3][0xf2][0x9d][0x85][0x1b][0x93]+[0xb4]QC[0x18]o[0xc7][0x93]K[0x0][0xab][0xec][0x86][0xa5][0xcc][0xe9]c_[0xd0][0xca]E[0xf5]m*6[0xbe][0xb5][0xf6][0xc1][0xcc]j[p[0x95][0xc1]1[0xac]}l[0xa9]1S[0xae]M]U[0xda][0x81]Li[0xd0]*[0x87]RU[0x6][0xae][0x0][0xa2][0xad][0xb5][0xd5][0x7][0xdf]*[0x9][0xa9][0xa6][0xcc][0xea]C?[0xa2][0xc1]*[0x96]A[0xe5]6[0xa8][0xdc][0x6][0x95][0xdb][0xb0] 7[0xf5][0xa7][0x19]3[0x81]e`|[0xc2][0x16]`[0xa3][0xd4][0xef]N[0xc0][0xc6][0xc4][0x93]W[0xc3][0xc8][0xb3][0xc][0x9b][0x93]S[0xbb].[0xa7][0xf5]<`[0xd7][0xc0]2[0x0][0x9e]]3e[0x19][0xf8]VI[0xb0]F[0xbd][0x8c]m[0x96][0x1][0xea]EBkE3[0xa8][0xfa][0xeb][0xca][0x95]i[0xe7]4>_[0xad][0xe4][0xef][0x14][0x4][0xd8][0x91];|[0xdf]xBr[0x3]h[0x6][0x9b]|[0xe2][0xf2][0xc8][\r]C=I[0xa9][0xba][0x14][0x95]a[0x95]g[0xed]Cn[0xd6][0xc6][0xd1]k[0x92][0xf3][0xac][0x91];[0x7][0x88][0xd5]&7[0xf0]0ku<[0x3][0xef]/[0xc3]3d[0x92][0xe]D[0xac][0xde][0x8b]&T[0xaa][0x81][0x8a][0xa4]'[0x95][0xb6][0x93][0xea][0xda]o[0xf0]oa[0x86][0x18][0x10][0xb5]2[0xa6][0xa8][0x80][0x2][0xd7]#QL[0x9c][0xca]iP[0x5][0x8d]L[0xc1]o[0xd2]~[0x12][0x81][0xb0][0xc][0x87][0xe1]ts[0xb1][0xaf][0xbc][0xd8]w[0xa1]+R%[0xc][0x82][0xd1][0xd1]m[0x87][0xa9][0xa5]*[0xca][0x81][0x10][0x1d][0xd6][0xc2] l[0xf6]]=[0x83]`[0xa7][0xf6]E[0xe2]H[0xc5][0xc][0xc2][0x9][0xf2][0x1f][0xde][0xc3][0x15][0x9d][0xe5]=n[0xda][0x17][0xf1]^J0[0x8][0xd8]Sq[0x7][0x8a];P[0xdc][0x81][0xe2][0xe]|*,w[0xe9]-[0xb1][0xea]3u[0x3][0x9f]x[0xbd][0xa1]#[0xaf]Ag[0xac][0x0]K_[0x94]r[0x7]I+[0xdb][0x10]9[0x12][0xd5]s[0x7][0x1d][0xc3][0xb4][0xad]DM[0xcb]7[0xf6][0xaf][0x9c]>[0xdd][0xf7]n[0xde]?[0xf6][0xee]~[0x90][0xe8][0xb3][0x0][0x8f][0x8a]9P[0xcc]AR[0xac].[0x8d][0xf3][0xe3][0x83][0x19][0xf9]#x[0xc9][0xdd][0xcd][0xfd][0xe8][0xcb]gV([0xe6][0xb][0x1e][0xfc][\r][0x2][0xe0])[0xc6]O[0x8a]9[0xe0]5[0xeb]q%[0x9f][0xb5][0xf6][0xb6]k[0xdb][0xe][0xe9][0xa3][0xf2][0xcb][0x19][0xb3][0xe5]JL6R[0xac]#[0x87][\r]${[0xc9][0xe4][0xae][0xb9]6u[0x95]t[0x0]2[0xa5][0xcc]A[0xe][0xa5]*d[0xe][0x80][0xa1]F[0xea]4[0xc7]7[0xca][0x1][0xea][0x89]u[0xf6][0xba][0x8]P[0x15]o[0xa0]x[0x3][0xc5][0x1b]([0xde][0xe0][0x10][0xde][0xc0][0xb2]a[0xaf]![0x81]k[0xf8][0xe4]Jy[0x83]d[0xd2][0x89][0xdc]\K[0xea][0xac][0x91][0x99][0xbe][0xa2][0x8d]S[0x17][0xd1][0x9b][0x87][0xeb][0xea]y[0x3][0xa0]3[\n]"
21:59:32.477 [main] DEBUG org.apache.http.wire - http-outgoing-0 << "[0xd5]b[0xe]B[0x96][0x3]|[0xa3][0x1c]T[0x9f][0x1a][0xfd][0xf7]EP[0xad]H[0x3]E[0x1a]([0xd2]@[0x91][0x6][0xf][0x12][0xac]~[\n]"
21:59:32.477 [main] DEBUG org.apache.http.wire - http-outgoing-0 << "i[0xd0]1[0x98][0xc4]9?[0xcb]v[0x1c]WR[0xcb]![0x3][0xc9]6*L[0xee][0x83]m[0x1b][0x85][0xb5]Y[0x15][0xca][0x1a]r[0x13][0xf2][0xb0]]On[0x2][0xf][0xc2]V[0xc7][0x19][0xf0][0xfe][0xe4][0x9c][0xc1][0xc7]O[0xc1][0x82]j9,[0x2][0x14]r[0x98]h[0xe1][0x82][0xea]3xS-X[0xfa]3[0x96]Lp[0x8d]{[0x1d]UdZ[0x84][0xc8]4[0xb9]SW[0x1a][0xb0][0xa7][0xe][0xeb][\n]"
21:59:32.477 [main] DEBUG org.apache.http.wire - http-outgoing-0 << "[0xd8]g[0xfa][0xae]#`[0x9f][0x14]{[0x16][0x97]ew[0xc0][0xfe][0xf4][0xb1]w[0xcc][0xec]8[0xf2][0x1]{[0xea]E[0x5][0xec][0x11][0x82][0xe4][0xbe]:[0xb8][0x1a][0xd7][0xcb][0xd9]4[0x17]lQ[0xc9][0xdf]*[0xf9][0xfb][0x9b]L[0xfe].%[0xf6]g[0xab]"[0xc3][0xea][0x9a]D[0xb9][0xef][0xe][0xd8][0xa3][0x95][0xe5]v[0x9d][0x9a][0xca]<w[0xc]}[0xed]V[0xc4]7J-Z[0x8e]'[0x8f]g[0x5][0x8b][0x16]C[0xe9]R[0xd5][0x9a]E[0xad]Y[0xd4][0x9a]E[0xb6]f[0xd9][0x97]H[0xd0]v[0xdd][0x96]-[0x89]/![0x8][0xe][0xb][0xa3]|[0xbd][0xd0]d[0xa1][0xc2]1[0xd2][0xda]I[0x7][0xf0]6\[0xbb]Z[0xcb]Be][0xe1][0xd9]F[0x15][0xce]$[0xbe][0xf4]'[0x9b]+[0xe][0xbc]i~[0x82][0x94]s[0xe1]cR[0xb7][0xe6],|[0xc][0xa6]S[0xaf]9[0xa1][0xd2]g[0xa3]([0x80]@[0xa8])voB5[0x85][0x8e]1[0xdb][0xaa]r[0x9d]B[0xfd][0x89]u[0xca][0xd9]|[0xfa][0xa0][0xf5][0x83][0xc9][0xf5][0x12][0x92][0xe5][0xea][0xb1]{2[\n]"
21:59:32.478 [main] DEBUG org.apache.http.wire - http-outgoing-0 << "hy[0xc2][0xf2][0x97][0xc3][0xf1]8[0x18][0x6]X[0xa9][0xc4][0xab][0xc5]"[0x8c]0[0xff];[0xd2][0xce] [[0x8a][0x12][0x19]S[0xac][0xcd][0xbc][0x7][0xed].[0x8c]>!?z[0xc9][0xf6][0x99][0x87]K[0xcd][0xbf]'[0xd3][0xf5][0x80]z][0xef]Y[0xd5][0xfa][0xc6]m[0xc3][0xa4][0xbd]BSV[0x83]wX[0xcf][0xfa]f[0xa3][0xef]:[0xd6]7i[0xe9]o~[0xa4][0x1d][0xeb][0x1b][0xbb][0xff]8[0xbc][0x97][0x9a][0xb2][0xda],1[0xba][0xc4][0xfa][0x86]=[0x8f][0xca][0x94]UU[0x5][0x7][0xeb][0xce][0xe9][0xf8]2|{^[0xe2][0xab]LY[0xff][0xa6][0xa6][0xac]([0xd2][0xdd]i[0x98].[0xad]r[0xac]v[0x97][0xd7][0xba][0x90][0xc9][0x92][0xd2]V[0xb0][0x1b][0xb4][0x99][0xf6][0xb8][0x6]Y[0x92][0xae][m[0xfa]J0j[0x86]m[0x94]X[0xe5][0xdc]A[0xb0]i[0xf5]'rjF%4[0x93][0x16]S%4[0xc7](6[0x97]\[0x86][\n]"
21:59:32.479 [main] DEBUG org.apache.http.wire - http-outgoing-0 << "[0x1d][0xa6]UBss[0xb5]qi[0x9f]][0x96]duL[0x99]i[0xaa][0xe9]Jyn[0x8e]b [0xb0]Q[0xff][0x9a][0xe7][0xbe]m[0xe7][0xc7]e[0xdb][0xd4][0x96]e[0x81])YF[0x96][0xb4][0x81]R[0x15][0xca][0x92][0xdc]N[0xc7][0xb4][0x92][0xea][0xbd]|c?[0xa0]N[0x1c][0xa4]2?[0xf6][\n]"
21:59:32.481 [main] DEBUG org.apache.http.wire - http-outgoing-0 << "[0x1]U[0xc9][0x92][0x94],I[0xc9][0x92][0x94],IBu[0xef][0xf][0x1b][0xb5]-][0x2][0xd7][0x86]k[0xc2]Ju;l[0x94][0x9d]t[0x1a][0xac]nf[0x11]\c[0xfa][0x8a][0x89][0xa9][0xc9][0xbc]vj[0x9][0x1b]m[0xc2]u[0xf5][0xb2]$[0xa0][0xb3][0x93][0xba][0xf9][0xf0][0x8d]rP}a[0xf6][\n]"
21:59:32.482 [main] DEBUG org.apache.http.wire - http-outgoing-0 << "[0x14][0xa4]*[0x97][0x99][0xaf][0xd9][0x14][0xc7][0xa9]8[0xce]o[0x92][0xe3][0xac],[0x97][0xd9]u[0xda][0xa6][0xa4]P[0x9b]i[0xc8]J"[0xa7][0x11][0x5][0x98][0xa4][0x99][0x85][0xe2][0x1][0xed]h[0x3][0xe4][0xae][0xab]4A~[0x96]][0x97],[0xa9]Z[0xcb]T[0x1e][0xae][0xfd][0xdf][\n]"
21:59:32.483 [main] DEBUG org.apache.http.wire - http-outgoing-0 << "[0xf7][0xff][0xf9]?[0x8a],[0xf7]6[0xac]#[0x5][0x0]"
21:59:32.488 [main] DEBUG org.apache.http.impl.conn.PoolingHttpClientConnectionManager - Connection [id: 0][route: {s}->https://api.github.com:443] can be kept alive indefinitely
21:59:32.488 [main] DEBUG org.apache.http.impl.conn.DefaultManagedHttpClientConnection - http-outgoing-0: set socket timeout to 0
21:59:32.489 [main] DEBUG org.apache.http.impl.conn.PoolingHttpClientConnectionManager - Connection released: [id: 0][route: {s}->https://api.github.com:443][total kept alive: 1; route allocated: 1 of 2; total allocated: 1 of 20]
21:59:32.663 [main] INFO io.github.bonigarcia.wdm.WebDriverManager - Latest version of geckodriver is 0.26.0
21:59:32.767 [main] INFO io.github.bonigarcia.wdm.Downloader - Using binary driver previously downloaded
21:59:32.769 [main] INFO io.github.bonigarcia.wdm.WebDriverManager - Exporting webdriver.gecko.driver as C:\Users\Pascal.ZARAGOZA\.m2\repository\webdriver\geckodriver\win64\0.26.0\geckodriver.exe
21:59:38.765 [main] INFO com.codeborne.selenide.webdriver.BrowserResizer - Set browser size to 1366x768
21:59:38.844 [main] INFO com.codeborne.selenide.webdriver.WebDriverFactory - BrowserName=firefox Version=75.0 Platform=WINDOWS
21:59:38.844 [main] INFO com.codeborne.selenide.webdriver.WebDriverFactory - Selenide v. 5.10.0
21:59:38.844 [main] INFO com.codeborne.selenide.webdriver.WebDriverFactory - Selenium WebDriver v. 3.141.59 build time: 2018-11-14T08:17:03
21:59:38.844 [main] INFO com.codeborne.selenide.drivercommands.CreateDriverCommand - Create webdriver in current thread 1: FirefoxDriver -> FirefoxDriver: firefox on WINDOWS (0a4c5536-1409-490d-bdea-7bf3ffe5f281)
22:00:25.873 [main] DEBUG com.codeborne.selenide.impl.ScreenShotLaboratory - reportsUrl is not configured. Returning screenshot file name 'C:\Users\Pascal.ZARAGOZA\eclipse-workspace\000-testprint\frontend\build\reports\tests\org\mybatis\jpetstore\ScreenTransitionIT\emptyMethod\1587585625746.0.png'
]]></system-out>
    <system-err><![CDATA[avr. 22, 2020 9:59:38 PM org.openqa.selenium.remote.ProtocolHandshake createSession
INFO: Detected dialect: W3C
]]></system-err>
  </testcase>
  <testcase name="testRegistrationUser" classname="org.mybatis.jpetstore.ScreenTransitionIT" time="14.364"/>
  <testcase name="testLogoContent" classname="org.mybatis.jpetstore.ScreenTransitionIT" time="11.309">
    <failure type="com.codeborne.selenide.ex.InvalidStateException"><![CDATA[com.codeborne.selenide.ex.InvalidStateException: 
Invalid element state: Element <area href="Catalog.action?viewCategory=&categoryId=BIRDS"> could not be scrolled into view
Screenshot: file:/C:/Users/Pascal.ZARAGOZA/eclipse-workspace/000-testprint/frontend/build/reports/tests/org/mybatis/jpetstore/ScreenTransitionIT/emptyMethod/1587585652702.1.png
Page source: file:/C:/Users/Pascal.ZARAGOZA/eclipse-workspace/000-testprint/frontend/build/reports/tests/org/mybatis/jpetstore/ScreenTransitionIT/emptyMethod/1587585652702.1.html
Timeout: 10 s.
Caused by: ElementNotInteractableException: Element <area href="Catalog.action?viewCategory=&categoryId=BIRDS"> could not be scrolled into view
	at org.mybatis.jpetstore.ScreenTransitionIT.testLogoContent(ScreenTransitionIT.java:407)
Caused by: org.openqa.selenium.ElementNotInteractableException: 
Element <area href="Catalog.action?viewCategory=&categoryId=BIRDS"> could not be scrolled into view
Build info: version: '3.141.59', revision: 'e82be7d358', time: '2018-11-14T08:17:03'
System info: host: 'BLPP-4906', ip: '192.168.0.23', os.name: 'Windows 10', os.arch: 'amd64', os.version: '10.0', java.version: '13.0.2'
Driver info: org.openqa.selenium.firefox.FirefoxDriver
Capabilities {acceptInsecureCerts: true, browserName: firefox, browserVersion: 75.0, javascriptEnabled: true, moz:accessibilityChecks: false, moz:buildID: 20200403170909, moz:geckodriverVersion: 0.26.0, moz:headless: true, moz:processID: 14544, moz:profile: C:\Users\Pascal.ZARAGOZA\Ap..., moz:shutdownTimeout: 60000, moz:useNonSpecCompliantPointerOrigin: false, moz:webdriverClick: true, pageLoadStrategy: normal, platform: WINDOWS, platformName: WINDOWS, platformVersion: 10.0, rotatable: false, setWindowRect: true, strictFileInteractability: false, timeouts: {implicit: 0, pageLoad: 300000, script: 30000}, unhandledPromptBehavior: dismiss and notify}
Session ID: 0a4c5536-1409-490d-bdea-7bf3ffe5f281
	at org.mybatis.jpetstore.ScreenTransitionIT.testLogoContent(ScreenTransitionIT.java:407)
]]></failure>
    <system-out><![CDATA[22:00:52.838 [main] DEBUG com.codeborne.selenide.impl.ScreenShotLaboratory - reportsUrl is not configured. Returning screenshot file name 'C:\Users\Pascal.ZARAGOZA\eclipse-workspace\000-testprint\frontend\build\reports\tests\org\mybatis\jpetstore\ScreenTransitionIT\emptyMethod\1587585652702.1.png'
]]></system-out>
  </testcase>
  <testcase name="testSelectItems" classname="org.mybatis.jpetstore.ScreenTransitionIT" time="13.253"/>
  <testcase name="testUpdateProfile" classname="org.mybatis.jpetstore.ScreenTransitionIT" time="12.666"/>
  <testcase name="testMainImageContentOnTopPage" classname="org.mybatis.jpetstore.ScreenTransitionIT" time="11.323">
    <failure type="com.codeborne.selenide.ex.InvalidStateException"><![CDATA[com.codeborne.selenide.ex.InvalidStateException: 
Invalid element state: Element <area href="Catalog.action?viewCategory=&categoryId=BIRDS"> could not be scrolled into view
Screenshot: file:/C:/Users/Pascal.ZARAGOZA/eclipse-workspace/000-testprint/frontend/build/reports/tests/org/mybatis/jpetstore/ScreenTransitionIT/emptyMethod/1587585689925.2.png
Page source: file:/C:/Users/Pascal.ZARAGOZA/eclipse-workspace/000-testprint/frontend/build/reports/tests/org/mybatis/jpetstore/ScreenTransitionIT/emptyMethod/1587585689925.2.html
Timeout: 10 s.
Caused by: ElementNotInteractableException: Element <area href="Catalog.action?viewCategory=&categoryId=BIRDS"> could not be scrolled into view
	at org.mybatis.jpetstore.ScreenTransitionIT.testMainImageContentOnTopPage(ScreenTransitionIT.java:366)
Caused by: org.openqa.selenium.ElementNotInteractableException: 
Element <area href="Catalog.action?viewCategory=&categoryId=BIRDS"> could not be scrolled into view
Build info: version: '3.141.59', revision: 'e82be7d358', time: '2018-11-14T08:17:03'
System info: host: 'BLPP-4906', ip: '192.168.0.23', os.name: 'Windows 10', os.arch: 'amd64', os.version: '10.0', java.version: '13.0.2'
Driver info: org.openqa.selenium.firefox.FirefoxDriver
Capabilities {acceptInsecureCerts: true, browserName: firefox, browserVersion: 75.0, javascriptEnabled: true, moz:accessibilityChecks: false, moz:buildID: 20200403170909, moz:geckodriverVersion: 0.26.0, moz:headless: true, moz:processID: 14544, moz:profile: C:\Users\Pascal.ZARAGOZA\Ap..., moz:shutdownTimeout: 60000, moz:useNonSpecCompliantPointerOrigin: false, moz:webdriverClick: true, pageLoadStrategy: normal, platform: WINDOWS, platformName: WINDOWS, platformVersion: 10.0, rotatable: false, setWindowRect: true, strictFileInteractability: false, timeouts: {implicit: 0, pageLoad: 300000, script: 30000}, unhandledPromptBehavior: dismiss and notify}
Session ID: 0a4c5536-1409-490d-bdea-7bf3ffe5f281
	at org.mybatis.jpetstore.ScreenTransitionIT.testMainImageContentOnTopPage(ScreenTransitionIT.java:366)
]]></failure>
    <system-out><![CDATA[22:01:30.088 [main] DEBUG com.codeborne.selenide.impl.ScreenShotLaboratory - reportsUrl is not configured. Returning screenshot file name 'C:\Users\Pascal.ZARAGOZA\eclipse-workspace\000-testprint\frontend\build\reports\tests\org\mybatis\jpetstore\ScreenTransitionIT\emptyMethod\1587585689925.2.png'
]]></system-out>
  </testcase>
  <testcase name="testQuickLinks" classname="org.mybatis.jpetstore.ScreenTransitionIT" time="9.091"/>
  <testcase name="testSidebarContentOnTopPage" classname="org.mybatis.jpetstore.ScreenTransitionIT" time="13.912"/>
  <testcase name="testViewCart" classname="org.mybatis.jpetstore.ScreenTransitionIT" time="1.953"/>
  <testcase name="testViewHelp" classname="org.mybatis.jpetstore.ScreenTransitionIT" time="0.967"/>
</testsuite>